2021-03-01 11:21:36.646 [main] INFO  top.anets.EinvoiceApplication - Starting EinvoiceApplication on WIN-3DFGP6SS4I1 with PID 13296 (D:\eclipse-sts\workspace\tmooc\E-invoice\target\classes started by Administrator in D:\eclipse-sts\workspace\tmooc\E-invoice)
2021-03-01 11:21:36.651 [main] INFO  top.anets.EinvoiceApplication - The following profiles are active: dev
2021-03-01 11:21:40.031 [main] INFO  org.springframework.data.repository.config.RepositoryConfigurationDelegate - Multiple Spring Data modules found, entering strict repository configuration mode!
2021-03-01 11:21:40.034 [main] INFO  org.springframework.data.repository.config.RepositoryConfigurationDelegate - Bootstrapping Spring Data repositories in DEFAULT mode.
2021-03-01 11:21:40.321 [main] INFO  org.springframework.data.repository.config.RepositoryConfigurationDelegate - Finished Spring Data repository scanning in 250ms. Found 0 repository interfaces.
2021-03-01 11:21:41.085 [main] INFO  org.springframework.context.support.PostProcessorRegistrationDelegate$BeanPostProcessorChecker - Bean 'org.springframework.transaction.annotation.ProxyTransactionManagementConfiguration' of type [org.springframework.transaction.annotation.ProxyTransactionManagementConfiguration] is not eligible for getting processed by all BeanPostProcessors (for example: not eligible for auto-proxying)
2021-03-01 11:21:41.158 [main] INFO  org.springframework.context.support.PostProcessorRegistrationDelegate$BeanPostProcessorChecker - Bean 'redisConfig' of type [top.anets.redis.RedisConfig] is not eligible for getting processed by all BeanPostProcessors (for example: not eligible for auto-proxying)
2021-03-01 11:21:41.162 [main] INFO  org.springframework.context.support.PostProcessorRegistrationDelegate$BeanPostProcessorChecker - Bean 'redisPoolConfig' of type [top.anets.redis.RedisPoolConfig$$EnhancerBySpringCGLIB$$ddd27c19] is not eligible for getting processed by all BeanPostProcessors (for example: not eligible for auto-proxying)
2021-03-01 11:21:41.193 [main] INFO  org.springframework.context.support.PostProcessorRegistrationDelegate$BeanPostProcessorChecker - Bean 'jedisPool' of type [redis.clients.jedis.JedisPool] is not eligible for getting processed by all BeanPostProcessors (for example: not eligible for auto-proxying)
2021-03-01 11:21:41.195 [main] INFO  org.springframework.context.support.PostProcessorRegistrationDelegate$BeanPostProcessorChecker - Bean 'redisService' of type [top.anets.redis.RedisService] is not eligible for getting processed by all BeanPostProcessors (for example: not eligible for auto-proxying)
2021-03-01 11:21:41.735 [main] INFO  org.springframework.boot.web.embedded.tomcat.TomcatWebServer - Tomcat initialized with port(s): 2000 (http)
2021-03-01 11:21:41.751 [main] INFO  org.apache.coyote.http11.Http11NioProtocol - Initializing ProtocolHandler ["http-nio-2000"]
2021-03-01 11:21:41.753 [main] INFO  org.apache.catalina.core.StandardService - Starting service [Tomcat]
2021-03-01 11:21:41.753 [main] INFO  org.apache.catalina.core.StandardEngine - Starting Servlet engine: [Apache Tomcat/9.0.27]
2021-03-01 11:21:42.013 [main] INFO  org.apache.catalina.core.ContainerBase.[Tomcat].[localhost].[/] - Initializing Spring embedded WebApplicationContext
2021-03-01 11:21:42.013 [main] INFO  org.springframework.web.context.ContextLoader - Root WebApplicationContext: initialization completed in 5218 ms
2021-03-01 11:21:42.687 [main] INFO  top.anets.config.JCoDestinationPool - SAP测试环境》》》》》》》》》》》》》
2021-03-01 11:21:42.689 [main] INFO  top.anets.config.JCoDestinationPool - ==========================================
2021-03-01 11:22:03.808 [main] INFO  top.anets.config.JCoDestinationPool - Destination - ABAP_AS2 is invalidInitialization of destination ABAP_AS2 failed: Connect to SAP gateway failed
Connection parameters: TYPE=A DEST=ABAP_AS2 ASHOST=192.168.200.61 SYSNR=00 PCS=1

LOCATION    CPIC (TCP/IP) on local host with Unicode
ERROR       partner '192.168.200.61:3300' not reached
TIME        Mon Mar 01 11:22:03 2021
RELEASE     721
COMPONENT   NI (network interface)
VERSION     40
RC          -10
MODULE      nixxi.cpp
LINE        3283
DETAIL      NiPConnect2: 192.168.200.61:3300
SYSTEM CALL connect
ERRNO       10060
ERRNO TEXT  WSAETIMEDOUT: Connection timed out
COUNTER     2

2021-03-01 11:22:06.031 [main] INFO  org.springframework.scheduling.concurrent.ThreadPoolTaskExecutor - Initializing ExecutorService 'applicationTaskExecutor'
2021-03-01 11:22:06.926 [main] INFO  org.springframework.scheduling.concurrent.ThreadPoolTaskScheduler - Initializing ExecutorService 'taskScheduler'
2021-03-01 11:22:07.140 [main] INFO  org.apache.coyote.http11.Http11NioProtocol - Starting ProtocolHandler ["http-nio-2000"]
2021-03-01 11:22:07.190 [main] INFO  org.springframework.boot.web.embedded.tomcat.TomcatWebServer - Tomcat started on port(s): 2000 (http) with context path ''
2021-03-01 11:22:07.196 [main] INFO  top.anets.EinvoiceApplication - Started EinvoiceApplication in 31.661 seconds (JVM running for 35.704)
2021-03-01 11:25:15.560 [http-nio-2000-exec-10] INFO  org.apache.tomcat.util.http.parser.Cookie - A cookie header was received [1614225406,1614320687,1614569111; Hm_lpvt_7174bade1219f9cc272e7978f9523fc8=1614569111] that contained an invalid cookie. That cookie will be ignored.
 Note: further occurrences of this error will be logged at DEBUG level.
2021-03-01 11:25:15.598 [http-nio-2000-exec-10] INFO  org.apache.catalina.core.ContainerBase.[Tomcat].[localhost].[/] - Initializing Spring DispatcherServlet 'dispatcherServlet'
2021-03-01 11:25:15.598 [http-nio-2000-exec-10] INFO  org.springframework.web.servlet.DispatcherServlet - Initializing Servlet 'dispatcherServlet'
2021-03-01 11:25:15.720 [http-nio-2000-exec-10] INFO  org.springframework.web.servlet.DispatcherServlet - Completed initialization in 122 ms
2021-03-01 11:25:30.025 [http-nio-2000-exec-9] INFO  com.alibaba.druid.pool.DruidDataSource - {dataSource-1} inited
2021-03-01 11:25:34.469 [http-nio-2000-exec-6] INFO  top.anets.service.impl.InvoiceViewServiceImpl - 走缓存线路
2021-03-01 11:25:34.610 [http-nio-2000-exec-6] INFO  top.anets.service.impl.InvoiceViewServiceImpl - 01
2021-03-01 11:26:10.538 [http-nio-2000-exec-7] INFO  top.anets.service.impl.InvoiceViewServiceImpl - 整组开具:0000009283/101
2021-03-01 13:34:12.044 [http-nio-2000-exec-4] INFO  top.anets.service.impl.InvoiceViewServiceImpl - 整组开具:0000009283/101
2021-03-01 13:41:13.794 [RMI TCP Connection(7)-127.0.0.1] INFO  org.springframework.boot.admin.SpringApplicationAdminMXBeanRegistrar$SpringApplicationAdmin - Application shutdown requested.
2021-03-01 13:41:13.797 [RMI TCP Connection(8)-127.0.0.1] INFO  org.springframework.boot.admin.SpringApplicationAdminMXBeanRegistrar$SpringApplicationAdmin - Application shutdown requested.
2021-03-01 13:41:13.799 [RMI TCP Connection(7)-127.0.0.1] INFO  org.springframework.scheduling.concurrent.ThreadPoolTaskScheduler - Shutting down ExecutorService 'taskScheduler'
2021-03-01 13:41:13.802 [RMI TCP Connection(7)-127.0.0.1] INFO  org.springframework.scheduling.concurrent.ThreadPoolTaskExecutor - Shutting down ExecutorService 'applicationTaskExecutor'
2021-03-01 13:41:13.810 [RMI TCP Connection(7)-127.0.0.1] INFO  com.alibaba.druid.pool.DruidDataSource - {dataSource-1} closed
2021-03-01 13:41:23.891 [main] INFO  top.anets.EinvoiceApplication - Starting EinvoiceApplication on WIN-3DFGP6SS4I1 with PID 18052 (D:\eclipse-sts\workspace\tmooc\E-invoice\target\classes started by Administrator in D:\eclipse-sts\workspace\tmooc\E-invoice)
2021-03-01 13:41:23.895 [main] INFO  top.anets.EinvoiceApplication - The following profiles are active: dev
2021-03-01 13:41:25.308 [main] INFO  org.springframework.data.repository.config.RepositoryConfigurationDelegate - Multiple Spring Data modules found, entering strict repository configuration mode!
2021-03-01 13:41:25.311 [main] INFO  org.springframework.data.repository.config.RepositoryConfigurationDelegate - Bootstrapping Spring Data repositories in DEFAULT mode.
2021-03-01 13:41:25.444 [main] INFO  org.springframework.data.repository.config.RepositoryConfigurationDelegate - Finished Spring Data repository scanning in 106ms. Found 0 repository interfaces.
2021-03-01 13:41:26.056 [main] INFO  org.springframework.context.support.PostProcessorRegistrationDelegate$BeanPostProcessorChecker - Bean 'org.springframework.transaction.annotation.ProxyTransactionManagementConfiguration' of type [org.springframework.transaction.annotation.ProxyTransactionManagementConfiguration] is not eligible for getting processed by all BeanPostProcessors (for example: not eligible for auto-proxying)
2021-03-01 13:41:26.127 [main] INFO  org.springframework.context.support.PostProcessorRegistrationDelegate$BeanPostProcessorChecker - Bean 'redisConfig' of type [top.anets.redis.RedisConfig] is not eligible for getting processed by all BeanPostProcessors (for example: not eligible for auto-proxying)
2021-03-01 13:41:26.129 [main] INFO  org.springframework.context.support.PostProcessorRegistrationDelegate$BeanPostProcessorChecker - Bean 'redisPoolConfig' of type [top.anets.redis.RedisPoolConfig$$EnhancerBySpringCGLIB$$32d895e1] is not eligible for getting processed by all BeanPostProcessors (for example: not eligible for auto-proxying)
2021-03-01 13:41:26.150 [main] INFO  org.springframework.context.support.PostProcessorRegistrationDelegate$BeanPostProcessorChecker - Bean 'jedisPool' of type [redis.clients.jedis.JedisPool] is not eligible for getting processed by all BeanPostProcessors (for example: not eligible for auto-proxying)
2021-03-01 13:41:26.152 [main] INFO  org.springframework.context.support.PostProcessorRegistrationDelegate$BeanPostProcessorChecker - Bean 'redisService' of type [top.anets.redis.RedisService] is not eligible for getting processed by all BeanPostProcessors (for example: not eligible for auto-proxying)
2021-03-01 13:41:26.545 [main] INFO  org.springframework.boot.web.embedded.tomcat.TomcatWebServer - Tomcat initialized with port(s): 2000 (http)
2021-03-01 13:41:26.557 [main] INFO  org.apache.coyote.http11.Http11NioProtocol - Initializing ProtocolHandler ["http-nio-2000"]
2021-03-01 13:41:26.558 [main] INFO  org.apache.catalina.core.StandardService - Starting service [Tomcat]
2021-03-01 13:41:26.558 [main] INFO  org.apache.catalina.core.StandardEngine - Starting Servlet engine: [Apache Tomcat/9.0.27]
2021-03-01 13:41:26.947 [main] INFO  org.apache.catalina.core.ContainerBase.[Tomcat].[localhost].[/] - Initializing Spring embedded WebApplicationContext
2021-03-01 13:41:26.947 [main] INFO  org.springframework.web.context.ContextLoader - Root WebApplicationContext: initialization completed in 2930 ms
2021-03-01 13:41:27.362 [main] INFO  top.anets.config.JCoDestinationPool - SAP测试环境》》》》》》》》》》》》》
2021-03-01 13:41:27.362 [main] INFO  top.anets.config.JCoDestinationPool - ==========================================
2021-03-01 13:41:48.513 [main] INFO  top.anets.config.JCoDestinationPool - Destination - ABAP_AS2 is invalidInitialization of destination ABAP_AS2 failed: Connect to SAP gateway failed
Connection parameters: TYPE=A DEST=ABAP_AS2 ASHOST=192.168.200.61 SYSNR=00 PCS=1

LOCATION    CPIC (TCP/IP) on local host with Unicode
ERROR       partner '192.168.200.61:3300' not reached
TIME        Mon Mar 01 13:41:48 2021
RELEASE     721
COMPONENT   NI (network interface)
VERSION     40
RC          -10
MODULE      nixxi.cpp
LINE        3283
DETAIL      NiPConnect2: 192.168.200.61:3300
SYSTEM CALL connect
ERRNO       10060
ERRNO TEXT  WSAETIMEDOUT: Connection timed out
COUNTER     2

2021-03-01 13:41:49.814 [main] INFO  org.springframework.scheduling.concurrent.ThreadPoolTaskExecutor - Initializing ExecutorService 'applicationTaskExecutor'
2021-03-01 13:41:50.582 [main] INFO  org.springframework.scheduling.concurrent.ThreadPoolTaskScheduler - Initializing ExecutorService 'taskScheduler'
2021-03-01 13:41:50.677 [main] INFO  org.apache.coyote.http11.Http11NioProtocol - Starting ProtocolHandler ["http-nio-2000"]
2021-03-01 13:41:50.715 [main] INFO  org.springframework.boot.web.embedded.tomcat.TomcatWebServer - Tomcat started on port(s): 2000 (http) with context path ''
2021-03-01 13:41:50.719 [main] INFO  top.anets.EinvoiceApplication - Started EinvoiceApplication in 27.937 seconds (JVM running for 31.16)
2021-03-01 13:42:44.173 [http-nio-2000-exec-1] INFO  org.apache.tomcat.util.http.parser.Cookie - A cookie header was received [1614225406,1614320687,1614569111; Hm_lpvt_7174bade1219f9cc272e7978f9523fc8=1614577360] that contained an invalid cookie. That cookie will be ignored.
 Note: further occurrences of this error will be logged at DEBUG level.
2021-03-01 13:42:44.196 [http-nio-2000-exec-1] INFO  org.apache.catalina.core.ContainerBase.[Tomcat].[localhost].[/] - Initializing Spring DispatcherServlet 'dispatcherServlet'
2021-03-01 13:42:44.197 [http-nio-2000-exec-1] INFO  org.springframework.web.servlet.DispatcherServlet - Initializing Servlet 'dispatcherServlet'
2021-03-01 13:42:44.208 [http-nio-2000-exec-1] INFO  org.springframework.web.servlet.DispatcherServlet - Completed initialization in 11 ms
2021-03-01 13:42:46.112 [http-nio-2000-exec-2] INFO  com.alibaba.druid.pool.DruidDataSource - {dataSource-1} inited
2021-03-01 13:42:57.210 [http-nio-2000-exec-4] INFO  top.anets.service.impl.InvoiceViewServiceImpl - 整单红冲:0000009283
2021-03-01 13:42:57.289 [http-nio-2000-exec-4] INFO  top.anets.service.impl.GuoXinInvoiceServiceImpl - 证书地址:E:/zhys/e-invoice/service/access/2000.pfx
2021-03-01 13:42:57.289 [http-nio-2000-exec-4] INFO  top.anets.service.impl.GuoXinInvoiceServiceImpl - 证书密码:71817N
2021-03-01 13:42:57.292 [http-nio-2000-exec-4] INFO  top.anets.utils.GuoXin - 请求xml内容:<REQUEST_COMMON_FPKSHC class="REQUEST_COMMON_FPKSHC"><FPQQLSH>0000009283101</FPQQLSH><XSF_MC>百旺电子测试2</XSF_MC><XSF_NSRSBH>110109500321655</XSF_NSRSBH><YFP_DM>050003521107</YFP_DM><YFP_HM>35687063</YFP_HM></REQUEST_COMMON_FPKSHC>
2021-03-01 13:42:57.295 [http-nio-2000-exec-4] INFO  top.anets.utils.GuoXin - 秘钥:5EE6C2C11DD421F2
2021-03-01 13:42:57.297 [http-nio-2000-exec-4] INFO  top.anets.service.impl.GuoXinInvoiceServiceImpl - 请求报文:<?xml version='1.0' encoding='UTF-8'?> <interface xmlns="" xmlns:xsi="http://www.w3.org/2001/XMLSchema-instance" xmlns:schemaLocation="http://www.chinatax.gov.cn/tirip/dataspec/interfaces.xsd" version="DZFPQZ0.2"> <globalInfo> <appId>6d29f136114544bcc73edcce960c430231183cc192c433e2b9ebcad56e8ceb08</appId> <interfaceId></interfaceId><interfaceCode>DFXJ1008</interfaceCode> <requestCode>DZFPQZ</requestCode> <requestTime>2021-03-01 13:42:57</requestTime> <responseCode>DS</responseCode> <dataExchangeId>DZFPQZDFXJ10082021030159915580-</dataExchangeId> </globalInfo> <returnStateInfo> <returnCode></returnCode> <returnMessage></returnMessage> </returnStateInfo> <Data><dataDescription> <zipCode>0</zipCode> </dataDescription> <content>PFJFUVVFU1RfQ09NTU9OX0ZQS1NIQyBjbGFzcz0iUkVRVUVTVF9DT01NT05fRlBLU0hDIj48RlBRUUxTSD4wMDAwMDA5MjgzMTAxPC9GUFFRTFNIPjxYU0ZfTUM+55m+5pe655S15a2Q5rWL6K+VMjwvWFNGX01DPjxYU0ZfTlNSU0JIPjExMDEwOTUwMDMyMTY1NTwvWFNGX05TUlNCSD48WUZQX0RNPjA1MDAwMzUyMTEwNzwvWUZQX0RNPjxZRlBfSE0+MzU2ODcwNjM8L1lGUF9ITT48L1JFUVVFU1RfQ09NTU9OX0ZQS1NIQz4=</content> <contentKey>4qH14G2qs3BsYt8AlJjn4L2B4xqvmSJilLdQWJfiJOhU4pYCt+SUydvtom101qqc</contentKey> </Data> </interface>
2021-03-01 13:42:57.297 [http-nio-2000-exec-4] INFO  top.anets.service.impl.GuoXinInvoiceServiceImpl - 证书地址-----:E:/zhys/e-invoice/service/access/2000.pfx
2021-03-01 13:42:57.297 [http-nio-2000-exec-4] INFO  top.anets.service.impl.GuoXinInvoiceServiceImpl - 证书密码-----:71817N
2021-03-01 13:42:57.297 [http-nio-2000-exec-4] INFO  top.anets.utils.guoXin.RequestUtils - http请求开始，请求地址：https://dev.fapiao.com:18944/fpt-dsqz/invoice
2021-03-01 13:43:10.102 [http-nio-2000-exec-8] INFO  top.anets.vo.Logs - org:2000/00正在停止开票
2021-03-01 13:43:10.355 [pool-2-thread-2] INFO  top.anets.controller.BrowserController - 用户收到的消息：{"type":"log","data":{"orgId":"2000","orgMachine":"00","level":"info","day":"2021-03-01","time":"13:43:10","content":"正在停止开票"}}
2021-03-01 13:43:10.375 [http-nio-2000-exec-8] INFO  top.anets.service.impl.InvoiceViewServiceImpl - 处理正在开票的数据
2021-03-01 13:43:10.413 [pool-2-thread-2] INFO  top.anets.controller.BrowserController - 目标用户离线
2021-03-01 13:43:10.413 [pool-2-thread-2] INFO  top.anets.controller.BrowserController - 停止开票
2021-03-01 13:43:16.281 [http-nio-2000-exec-9] INFO  top.anets.service.impl.InvoiceViewServiceImpl - 整组开具:0000009283/101
2021-03-01 13:43:21.558 [http-nio-2000-exec-10] INFO  top.anets.service.impl.InvoiceViewServiceImpl - 整单红冲:0000009283
2021-03-01 13:43:21.583 [http-nio-2000-exec-10] INFO  top.anets.service.impl.GuoXinInvoiceServiceImpl - 证书地址:E:/zhys/e-invoice/service/access/2000.pfx
2021-03-01 13:43:21.583 [http-nio-2000-exec-10] INFO  top.anets.service.impl.GuoXinInvoiceServiceImpl - 证书密码:71817N
2021-03-01 13:43:21.583 [http-nio-2000-exec-10] INFO  top.anets.utils.GuoXin - 请求xml内容:<REQUEST_COMMON_FPKSHC class="REQUEST_COMMON_FPKSHC"><FPQQLSH>0000009283101</FPQQLSH><XSF_MC>百旺电子测试2</XSF_MC><XSF_NSRSBH>110109500321655</XSF_NSRSBH><YFP_DM>050003521107</YFP_DM><YFP_HM>35687063</YFP_HM></REQUEST_COMMON_FPKSHC>
2021-03-01 13:43:21.584 [http-nio-2000-exec-10] INFO  top.anets.utils.GuoXin - 秘钥:5EE6C2C11DD421F2
2021-03-01 13:43:21.585 [http-nio-2000-exec-10] INFO  top.anets.service.impl.GuoXinInvoiceServiceImpl - 请求报文:<?xml version='1.0' encoding='UTF-8'?> <interface xmlns="" xmlns:xsi="http://www.w3.org/2001/XMLSchema-instance" xmlns:schemaLocation="http://www.chinatax.gov.cn/tirip/dataspec/interfaces.xsd" version="DZFPQZ0.2"> <globalInfo> <appId>6d29f136114544bcc73edcce960c430231183cc192c433e2b9ebcad56e8ceb08</appId> <interfaceId></interfaceId><interfaceCode>DFXJ1008</interfaceCode> <requestCode>DZFPQZ</requestCode> <requestTime>2021-03-01 13:43:21</requestTime> <responseCode>DS</responseCode> <dataExchangeId>DZFPQZDFXJ1008202103016439d435-</dataExchangeId> </globalInfo> <returnStateInfo> <returnCode></returnCode> <returnMessage></returnMessage> </returnStateInfo> <Data><dataDescription> <zipCode>0</zipCode> </dataDescription> <content>PFJFUVVFU1RfQ09NTU9OX0ZQS1NIQyBjbGFzcz0iUkVRVUVTVF9DT01NT05fRlBLU0hDIj48RlBRUUxTSD4wMDAwMDA5MjgzMTAxPC9GUFFRTFNIPjxYU0ZfTUM+55m+5pe655S15a2Q5rWL6K+VMjwvWFNGX01DPjxYU0ZfTlNSU0JIPjExMDEwOTUwMDMyMTY1NTwvWFNGX05TUlNCSD48WUZQX0RNPjA1MDAwMzUyMTEwNzwvWUZQX0RNPjxZRlBfSE0+MzU2ODcwNjM8L1lGUF9ITT48L1JFUVVFU1RfQ09NTU9OX0ZQS1NIQz4=</content> <contentKey>4qH14G2qs3BsYt8AlJjn4L2B4xqvmSJilLdQWJfiJOhU4pYCt+SUydvtom101qqc</contentKey> </Data> </interface>
2021-03-01 13:43:21.585 [http-nio-2000-exec-10] INFO  top.anets.service.impl.GuoXinInvoiceServiceImpl - 证书地址-----:E:/zhys/e-invoice/service/access/2000.pfx
2021-03-01 13:43:21.585 [http-nio-2000-exec-10] INFO  top.anets.service.impl.GuoXinInvoiceServiceImpl - 证书密码-----:71817N
2021-03-01 13:43:21.585 [http-nio-2000-exec-10] INFO  top.anets.utils.guoXin.RequestUtils - http请求开始，请求地址：https://dev.fapiao.com:18944/fpt-dsqz/invoice
2021-03-01 13:43:36.757 [http-nio-2000-exec-1] INFO  top.anets.service.impl.InvoiceViewServiceImpl - 整单红冲:0000009283
2021-03-01 13:43:36.777 [http-nio-2000-exec-1] INFO  top.anets.service.impl.GuoXinInvoiceServiceImpl - 证书地址:E:/zhys/e-invoice/service/access/2000.pfx
2021-03-01 13:43:36.777 [http-nio-2000-exec-1] INFO  top.anets.service.impl.GuoXinInvoiceServiceImpl - 证书密码:71817N
2021-03-01 13:43:36.777 [http-nio-2000-exec-1] INFO  top.anets.utils.GuoXin - 请求xml内容:<REQUEST_COMMON_FPKSHC class="REQUEST_COMMON_FPKSHC"><FPQQLSH>0000009283101</FPQQLSH><XSF_MC>百旺电子测试2</XSF_MC><XSF_NSRSBH>110109500321655</XSF_NSRSBH><YFP_DM>050003521107</YFP_DM><YFP_HM>35687063</YFP_HM></REQUEST_COMMON_FPKSHC>
2021-03-01 13:43:36.777 [http-nio-2000-exec-1] INFO  top.anets.utils.GuoXin - 秘钥:5EE6C2C11DD421F2
2021-03-01 13:43:36.778 [http-nio-2000-exec-1] INFO  top.anets.service.impl.GuoXinInvoiceServiceImpl - 请求报文:<?xml version='1.0' encoding='UTF-8'?> <interface xmlns="" xmlns:xsi="http://www.w3.org/2001/XMLSchema-instance" xmlns:schemaLocation="http://www.chinatax.gov.cn/tirip/dataspec/interfaces.xsd" version="DZFPQZ0.2"> <globalInfo> <appId>6d29f136114544bcc73edcce960c430231183cc192c433e2b9ebcad56e8ceb08</appId> <interfaceId></interfaceId><interfaceCode>DFXJ1008</interfaceCode> <requestCode>DZFPQZ</requestCode> <requestTime>2021-03-01 13:43:36</requestTime> <responseCode>DS</responseCode> <dataExchangeId>DZFPQZDFXJ10082021030184a4653c-</dataExchangeId> </globalInfo> <returnStateInfo> <returnCode></returnCode> <returnMessage></returnMessage> </returnStateInfo> <Data><dataDescription> <zipCode>0</zipCode> </dataDescription> <content>PFJFUVVFU1RfQ09NTU9OX0ZQS1NIQyBjbGFzcz0iUkVRVUVTVF9DT01NT05fRlBLU0hDIj48RlBRUUxTSD4wMDAwMDA5MjgzMTAxPC9GUFFRTFNIPjxYU0ZfTUM+55m+5pe655S15a2Q5rWL6K+VMjwvWFNGX01DPjxYU0ZfTlNSU0JIPjExMDEwOTUwMDMyMTY1NTwvWFNGX05TUlNCSD48WUZQX0RNPjA1MDAwMzUyMTEwNzwvWUZQX0RNPjxZRlBfSE0+MzU2ODcwNjM8L1lGUF9ITT48L1JFUVVFU1RfQ09NTU9OX0ZQS1NIQz4=</content> <contentKey>4qH14G2qs3BsYt8AlJjn4L2B4xqvmSJilLdQWJfiJOhU4pYCt+SUydvtom101qqc</contentKey> </Data> </interface>
2021-03-01 13:43:36.778 [http-nio-2000-exec-1] INFO  top.anets.service.impl.GuoXinInvoiceServiceImpl - 证书地址-----:E:/zhys/e-invoice/service/access/2000.pfx
2021-03-01 13:43:36.778 [http-nio-2000-exec-1] INFO  top.anets.service.impl.GuoXinInvoiceServiceImpl - 证书密码-----:71817N
2021-03-01 13:43:36.778 [http-nio-2000-exec-1] INFO  top.anets.utils.guoXin.RequestUtils - http请求开始，请求地址：https://dev.fapiao.com:18944/fpt-dsqz/invoice
2021-03-01 14:20:10.099 [RMI TCP Connection(11)-127.0.0.1] INFO  org.springframework.boot.admin.SpringApplicationAdminMXBeanRegistrar$SpringApplicationAdmin - Application shutdown requested.
2021-03-01 14:20:10.103 [RMI TCP Connection(11)-127.0.0.1] INFO  org.springframework.scheduling.concurrent.ThreadPoolTaskScheduler - Shutting down ExecutorService 'taskScheduler'
2021-03-01 14:20:10.106 [RMI TCP Connection(11)-127.0.0.1] INFO  org.springframework.scheduling.concurrent.ThreadPoolTaskExecutor - Shutting down ExecutorService 'applicationTaskExecutor'
2021-03-01 14:20:10.109 [RMI TCP Connection(11)-127.0.0.1] INFO  com.alibaba.druid.pool.DruidDataSource - {dataSource-1} closed
2021-03-01 14:20:19.692 [main] INFO  top.anets.EinvoiceApplication - Starting EinvoiceApplication on WIN-3DFGP6SS4I1 with PID 20028 (D:\eclipse-sts\workspace\tmooc\E-invoice\target\classes started by Administrator in D:\eclipse-sts\workspace\tmooc\E-invoice)
2021-03-01 14:20:19.693 [main] INFO  top.anets.EinvoiceApplication - The following profiles are active: dev
2021-03-01 14:20:21.178 [main] INFO  org.springframework.data.repository.config.RepositoryConfigurationDelegate - Multiple Spring Data modules found, entering strict repository configuration mode!
2021-03-01 14:20:21.181 [main] INFO  org.springframework.data.repository.config.RepositoryConfigurationDelegate - Bootstrapping Spring Data repositories in DEFAULT mode.
2021-03-01 14:20:21.344 [main] INFO  org.springframework.data.repository.config.RepositoryConfigurationDelegate - Finished Spring Data repository scanning in 138ms. Found 0 repository interfaces.
2021-03-01 14:20:21.919 [main] INFO  org.springframework.context.support.PostProcessorRegistrationDelegate$BeanPostProcessorChecker - Bean 'org.springframework.transaction.annotation.ProxyTransactionManagementConfiguration' of type [org.springframework.transaction.annotation.ProxyTransactionManagementConfiguration] is not eligible for getting processed by all BeanPostProcessors (for example: not eligible for auto-proxying)
2021-03-01 14:20:21.981 [main] INFO  org.springframework.context.support.PostProcessorRegistrationDelegate$BeanPostProcessorChecker - Bean 'redisConfig' of type [top.anets.redis.RedisConfig] is not eligible for getting processed by all BeanPostProcessors (for example: not eligible for auto-proxying)
2021-03-01 14:20:21.984 [main] INFO  org.springframework.context.support.PostProcessorRegistrationDelegate$BeanPostProcessorChecker - Bean 'redisPoolConfig' of type [top.anets.redis.RedisPoolConfig$$EnhancerBySpringCGLIB$$d033bc9b] is not eligible for getting processed by all BeanPostProcessors (for example: not eligible for auto-proxying)
2021-03-01 14:20:21.999 [main] INFO  org.springframework.context.support.PostProcessorRegistrationDelegate$BeanPostProcessorChecker - Bean 'jedisPool' of type [redis.clients.jedis.JedisPool] is not eligible for getting processed by all BeanPostProcessors (for example: not eligible for auto-proxying)
2021-03-01 14:20:22.001 [main] INFO  org.springframework.context.support.PostProcessorRegistrationDelegate$BeanPostProcessorChecker - Bean 'redisService' of type [top.anets.redis.RedisService] is not eligible for getting processed by all BeanPostProcessors (for example: not eligible for auto-proxying)
2021-03-01 14:20:22.373 [main] INFO  org.springframework.boot.web.embedded.tomcat.TomcatWebServer - Tomcat initialized with port(s): 2000 (http)
2021-03-01 14:20:22.386 [main] INFO  org.apache.coyote.http11.Http11NioProtocol - Initializing ProtocolHandler ["http-nio-2000"]
2021-03-01 14:20:22.388 [main] INFO  org.apache.catalina.core.StandardService - Starting service [Tomcat]
2021-03-01 14:20:22.392 [main] INFO  org.apache.catalina.core.StandardEngine - Starting Servlet engine: [Apache Tomcat/9.0.27]
2021-03-01 14:20:22.628 [main] INFO  org.apache.catalina.core.ContainerBase.[Tomcat].[localhost].[/] - Initializing Spring embedded WebApplicationContext
2021-03-01 14:20:22.628 [main] INFO  org.springframework.web.context.ContextLoader - Root WebApplicationContext: initialization completed in 2755 ms
2021-03-01 14:20:23.054 [main] INFO  top.anets.config.JCoDestinationPool - SAP测试环境》》》》》》》》》》》》》
2021-03-01 14:20:23.054 [main] INFO  top.anets.config.JCoDestinationPool - ==========================================
2021-03-01 14:20:44.123 [main] INFO  top.anets.config.JCoDestinationPool - Destination - ABAP_AS2 is invalidInitialization of destination ABAP_AS2 failed: Connect to SAP gateway failed
Connection parameters: TYPE=A DEST=ABAP_AS2 ASHOST=192.168.200.61 SYSNR=00 PCS=1

LOCATION    CPIC (TCP/IP) on local host with Unicode
ERROR       partner '192.168.200.61:3300' not reached
TIME        Mon Mar 01 14:20:44 2021
RELEASE     721
COMPONENT   NI (network interface)
VERSION     40
RC          -10
MODULE      nixxi.cpp
LINE        3283
DETAIL      NiPConnect2: 192.168.200.61:3300
SYSTEM CALL connect
ERRNO       10060
ERRNO TEXT  WSAETIMEDOUT: Connection timed out
COUNTER     2

2021-03-01 14:20:46.431 [main] INFO  org.springframework.scheduling.concurrent.ThreadPoolTaskExecutor - Initializing ExecutorService 'applicationTaskExecutor'
2021-03-01 14:20:47.586 [main] INFO  org.springframework.scheduling.concurrent.ThreadPoolTaskScheduler - Initializing ExecutorService 'taskScheduler'
2021-03-01 14:20:47.780 [main] INFO  org.apache.coyote.http11.Http11NioProtocol - Starting ProtocolHandler ["http-nio-2000"]
2021-03-01 14:20:47.839 [main] INFO  org.springframework.boot.web.embedded.tomcat.TomcatWebServer - Tomcat started on port(s): 2000 (http) with context path ''
2021-03-01 14:20:47.846 [main] INFO  top.anets.EinvoiceApplication - Started EinvoiceApplication in 28.983 seconds (JVM running for 31.947)
2021-03-01 14:20:58.140 [http-nio-2000-exec-9] INFO  org.apache.tomcat.util.http.parser.Cookie - A cookie header was received [1614225406,1614320687,1614569111; Hm_lpvt_7174bade1219f9cc272e7978f9523fc8=1614579652] that contained an invalid cookie. That cookie will be ignored.
 Note: further occurrences of this error will be logged at DEBUG level.
2021-03-01 14:20:58.170 [http-nio-2000-exec-9] INFO  org.apache.catalina.core.ContainerBase.[Tomcat].[localhost].[/] - Initializing Spring DispatcherServlet 'dispatcherServlet'
2021-03-01 14:20:58.171 [http-nio-2000-exec-9] INFO  org.springframework.web.servlet.DispatcherServlet - Initializing Servlet 'dispatcherServlet'
2021-03-01 14:20:58.181 [http-nio-2000-exec-9] INFO  org.springframework.web.servlet.DispatcherServlet - Completed initialization in 10 ms
2021-03-01 14:20:58.503 [http-nio-2000-exec-9] INFO  com.alibaba.druid.pool.DruidDataSource - {dataSource-1} inited
2021-03-01 14:21:15.144 [http-nio-2000-exec-5] INFO  top.anets.service.impl.InvoiceViewServiceImpl - 整单红冲:0000009283
2021-03-01 14:21:15.200 [http-nio-2000-exec-5] INFO  top.anets.utils.GuoXin - 请求xml内容:<REQUEST_COMMON_FPKSHC class="REQUEST_COMMON_FPKSHC"><FPQQLSH>0000009283101</FPQQLSH><XSF_MC>百旺电子测试2</XSF_MC><XSF_NSRSBH>110109500321655</XSF_NSRSBH><YFP_DM>050003521107</YFP_DM><YFP_HM>35687063</YFP_HM></REQUEST_COMMON_FPKSHC>
2021-03-01 14:21:15.204 [http-nio-2000-exec-5] INFO  top.anets.utils.GuoXin - 秘钥:5EE6C2C11DD421F2
2021-03-01 14:21:15.205 [http-nio-2000-exec-5] INFO  top.anets.service.impl.GuoXinInvoiceServiceImpl - 请求报文:<?xml version='1.0' encoding='UTF-8'?> <interface xmlns="" xmlns:xsi="http://www.w3.org/2001/XMLSchema-instance" xmlns:schemaLocation="http://www.chinatax.gov.cn/tirip/dataspec/interfaces.xsd" version="DZFPQZ0.2"> <globalInfo> <appId>6d29f136114544bcc73edcce960c430231183cc192c433e2b9ebcad56e8ceb08</appId> <interfaceId></interfaceId><interfaceCode>DFXJ1008</interfaceCode> <requestCode>DZFPQZ</requestCode> <requestTime>2021-03-01 14:21:15</requestTime> <responseCode>DS</responseCode> <dataExchangeId>DZFPQZDFXJ10082021030177037efb-</dataExchangeId> </globalInfo> <returnStateInfo> <returnCode></returnCode> <returnMessage></returnMessage> </returnStateInfo> <Data><dataDescription> <zipCode>0</zipCode> </dataDescription> <content>PFJFUVVFU1RfQ09NTU9OX0ZQS1NIQyBjbGFzcz0iUkVRVUVTVF9DT01NT05fRlBLU0hDIj48RlBRUUxTSD4wMDAwMDA5MjgzMTAxPC9GUFFRTFNIPjxYU0ZfTUM+55m+5pe655S15a2Q5rWL6K+VMjwvWFNGX01DPjxYU0ZfTlNSU0JIPjExMDEwOTUwMDMyMTY1NTwvWFNGX05TUlNCSD48WUZQX0RNPjA1MDAwMzUyMTEwNzwvWUZQX0RNPjxZRlBfSE0+MzU2ODcwNjM8L1lGUF9ITT48L1JFUVVFU1RfQ09NTU9OX0ZQS1NIQz4=</content> <contentKey>4qH14G2qs3BsYt8AlJjn4L2B4xqvmSJilLdQWJfiJOhU4pYCt+SUydvtom101qqc</contentKey> </Data> </interface>
2021-03-01 14:21:15.205 [http-nio-2000-exec-5] INFO  top.anets.service.impl.GuoXinInvoiceServiceImpl - 证书地址-----:F:/zhys/zhengshu/testISSUE.pfx
2021-03-01 14:21:15.205 [http-nio-2000-exec-5] INFO  top.anets.service.impl.GuoXinInvoiceServiceImpl - 证书密码-----:123456
2021-03-01 14:21:15.205 [http-nio-2000-exec-5] INFO  top.anets.utils.guoXin.RequestUtils - http请求开始，请求地址：https://dev.fapiao.com:18944/fpt-dsqz/invoice
2021-03-01 14:21:15.327 [http-nio-2000-exec-5] INFO  top.anets.utils.guoXin.RequestUtils - 证书地址:F:/zhys/zhengshu/testISSUE.pfx
2021-03-01 14:21:15.327 [http-nio-2000-exec-5] INFO  top.anets.utils.guoXin.RequestUtils - 证书密码:123456
2021-03-01 14:21:17.688 [http-nio-2000-exec-5] INFO  top.anets.utils.guoXin.RequestUtils - 请求结果:<?xml version='1.0' encoding='UTF-8'?><interface xmlns="" xmlns:xsi="http://www.w3.org/2001/XMLSchema-instance" xmlns:schemaLocation="http://www.chinatax.gov.cn/tirip/dataspec/interfaces.xsd" version="DZFPQZ1.0"> <globalInfo><appId>0</appId><interfaceId></interfaceId><interfaceCode>DFXJ1008</interfaceCode><requestCode>DZFPQZ</requestCode><requestTime>2021-03-01 14:21:17:86</requestTime><responseCode>1</responseCode><dataExchangeId>DZFPQZDFXJ10082021030177037efb-</dataExchangeId></globalInfo><returnStateInfo><returnCode>0000</returnCode><returnMessage><![CDATA[此发票已经开具过]]></returnMessage></returnStateInfo><Data><dataDescription><zipCode>0</zipCode></dataDescription><content>PFJFU1BPTlNFPjxGUFFRTFNIPjAwMDAwMDkyODMxMDE8L0ZQUVFMU0g+PEZQX0RNPjA1MDAwMzUyMTEwNzwvRlBfRE0+PEZQX0hNPjM1Njg3MDYzPC9GUF9ITT48SllNPjE2NDAxODQ4NDgxMTc2NzUxMTEwPC9KWU0+PEtQUlE+MjAyMTAxMTEyMzEwMDU8L0tQUlE+PFBERl9VUkw+PCFbQ0RBVEFbaHR0cDovL2Rldi5mYXBpYW8uY29tOjE5MDgwL2R6ZnAtd2ViL3BkZi9kb3dubG9hZD9yZXF1ZXN0PWU1dWhmOFdFVElPTWdhYTJjQ1VNdHFING1nYTdhN1k2N0FReGppWk9PV1FNTnFTQkE0cUxtUHFvcFZzRDJDc3VOWkRGQm9VdjBvMF8lNUViR2VnSGNBSmJdXT48L1BERl9VUkw+PFNQX1VSTD48IVtDREFUQVtodHRwczovL3Rlc3R3eC5mYXBpYW8uY29tL2ZwdC13ZWNoYXQvd3hhZGRjYXJkLmRvP2NvZGU9JTJCYVVzJTJGaURkNGxaejJTRXNEdkolMkJiTWdNOHN5elVlek9HSlJUSHRzUUM2SmE2UjA2emY4N3Y4emFobTBoeTBsUWozR05pbGswNkdCSSUwQWdNU2R6bzROQkElM0QlM0RdXT48L1NQX1VSTD48L1JFU1BPTlNFPg==</content></Data></interface>
2021-03-01 14:21:17.688 [http-nio-2000-exec-5] INFO  top.anets.service.impl.GuoXinInvoiceServiceImpl - 返回结果:<?xml version='1.0' encoding='UTF-8'?><interface xmlns="" xmlns:xsi="http://www.w3.org/2001/XMLSchema-instance" xmlns:schemaLocation="http://www.chinatax.gov.cn/tirip/dataspec/interfaces.xsd" version="DZFPQZ1.0"> <globalInfo><appId>0</appId><interfaceId></interfaceId><interfaceCode>DFXJ1008</interfaceCode><requestCode>DZFPQZ</requestCode><requestTime>2021-03-01 14:21:17:86</requestTime><responseCode>1</responseCode><dataExchangeId>DZFPQZDFXJ10082021030177037efb-</dataExchangeId></globalInfo><returnStateInfo><returnCode>0000</returnCode><returnMessage><![CDATA[此发票已经开具过]]></returnMessage></returnStateInfo><Data><dataDescription><zipCode>0</zipCode></dataDescription><content>PFJFU1BPTlNFPjxGUFFRTFNIPjAwMDAwMDkyODMxMDE8L0ZQUVFMU0g+PEZQX0RNPjA1MDAwMzUyMTEwNzwvRlBfRE0+PEZQX0hNPjM1Njg3MDYzPC9GUF9ITT48SllNPjE2NDAxODQ4NDgxMTc2NzUxMTEwPC9KWU0+PEtQUlE+MjAyMTAxMTEyMzEwMDU8L0tQUlE+PFBERl9VUkw+PCFbQ0RBVEFbaHR0cDovL2Rldi5mYXBpYW8uY29tOjE5MDgwL2R6ZnAtd2ViL3BkZi9kb3dubG9hZD9yZXF1ZXN0PWU1dWhmOFdFVElPTWdhYTJjQ1VNdHFING1nYTdhN1k2N0FReGppWk9PV1FNTnFTQkE0cUxtUHFvcFZzRDJDc3VOWkRGQm9VdjBvMF8lNUViR2VnSGNBSmJdXT48L1BERl9VUkw+PFNQX1VSTD48IVtDREFUQVtodHRwczovL3Rlc3R3eC5mYXBpYW8uY29tL2ZwdC13ZWNoYXQvd3hhZGRjYXJkLmRvP2NvZGU9JTJCYVVzJTJGaURkNGxaejJTRXNEdkolMkJiTWdNOHN5elVlek9HSlJUSHRzUUM2SmE2UjA2emY4N3Y4emFobTBoeTBsUWozR05pbGswNkdCSSUwQWdNU2R6bzROQkElM0QlM0RdXT48L1NQX1VSTD48L1JFU1BPTlNFPg==</content></Data></interface>
2021-03-01 14:21:18.008 [http-nio-2000-exec-5] INFO  top.anets.service.impl.GuoXinInvoiceServiceImpl - 获取的加密内容:PFJFU1BPTlNFPjxGUFFRTFNIPjAwMDAwMDkyODMxMDE8L0ZQUVFMU0g+PEZQX0RNPjA1MDAwMzUyMTEwNzwvRlBfRE0+PEZQX0hNPjM1Njg3MDYzPC9GUF9ITT48SllNPjE2NDAxODQ4NDgxMTc2NzUxMTEwPC9KWU0+PEtQUlE+MjAyMTAxMTEyMzEwMDU8L0tQUlE+PFBERl9VUkw+PCFbQ0RBVEFbaHR0cDovL2Rldi5mYXBpYW8uY29tOjE5MDgwL2R6ZnAtd2ViL3BkZi9kb3dubG9hZD9yZXF1ZXN0PWU1dWhmOFdFVElPTWdhYTJjQ1VNdHFING1nYTdhN1k2N0FReGppWk9PV1FNTnFTQkE0cUxtUHFvcFZzRDJDc3VOWkRGQm9VdjBvMF8lNUViR2VnSGNBSmJdXT48L1BERl9VUkw+PFNQX1VSTD48IVtDREFUQVtodHRwczovL3Rlc3R3eC5mYXBpYW8uY29tL2ZwdC13ZWNoYXQvd3hhZGRjYXJkLmRvP2NvZGU9JTJCYVVzJTJGaURkNGxaejJTRXNEdkolMkJiTWdNOHN5elVlek9HSlJUSHRzUUM2SmE2UjA2emY4N3Y4emFobTBoeTBsUWozR05pbGswNkdCSSUwQWdNU2R6bzROQkElM0QlM0RdXT48L1NQX1VSTD48L1JFU1BPTlNFPg==
2021-03-01 14:21:18.011 [http-nio-2000-exec-5] INFO  top.anets.service.impl.GuoXinInvoiceServiceImpl - 解析加密:<RESPONSE><FPQQLSH>0000009283101</FPQQLSH><FP_DM>050003521107</FP_DM><FP_HM>35687063</FP_HM><JYM>16401848481176751110</JYM><KPRQ>20210111231005</KPRQ><PDF_URL><![CDATA[http://dev.fapiao.com:19080/dzfp-web/pdf/download?request=e5uhf8WETIOMgaa2cCUMtqH4mga7a7Y67AQxjiZOOWQMNqSBA4qLmPqopVsD2CsuNZDFBoUv0o0_%5EbGegHcAJb]]></PDF_URL><SP_URL><![CDATA[https://testwx.fapiao.com/fpt-wechat/wxaddcard.do?code=%2BaUs%2FiDd4lZz2SEsDvJ%2BbMgM8syzUezOGJRTHtsQC6Ja6R06zf87v8zahm0hy0lQj3GNilk06GBI%0AgMSdzo4NBA%3D%3D]]></SP_URL></RESPONSE>
2021-03-01 14:21:18.013 [http-nio-2000-exec-5] INFO  top.anets.service.impl.GuoXinInvoiceServiceImpl - 红冲结果:InvoiceResult [data=null, code=null, success=true, msg=null, groupStatus=9, docNum=0000009283, groupNum=101, goldtaxCode=050003521107, goldtaxNum=35687063, billGdate=20210111231005, hjje=null, hjse=null, jshj=null, ePdfUrl=http://dev.fapiao.com:19080/dzfp-web/pdf/download?request=e5uhf8WETIOMgaa2cCUMtqH4mga7a7Y67AQxjiZOOWQMNqSBA4qLmPqopVsD2CsuNZDFBoUv0o0_%5EbGegHcAJb]
2021-03-01 14:27:52.125 [http-nio-2000-exec-9] INFO  top.anets.service.impl.InvoiceViewServiceImpl - 整单红冲:0000009285
2021-03-01 14:27:52.140 [http-nio-2000-exec-9] INFO  top.anets.utils.GuoXin - 请求xml内容:<REQUEST_COMMON_FPKSHC class="REQUEST_COMMON_FPKSHC"><FPQQLSH>0000009285101</FPQQLSH><XSF_MC>百旺电子测试2</XSF_MC><XSF_NSRSBH>110109500321655</XSF_NSRSBH><YFP_DM>050003521107</YFP_DM><YFP_HM>35687062</YFP_HM></REQUEST_COMMON_FPKSHC>
2021-03-01 14:27:52.141 [http-nio-2000-exec-9] INFO  top.anets.utils.GuoXin - 秘钥:5EE6C2C11DD421F2
2021-03-01 14:27:52.141 [http-nio-2000-exec-9] INFO  top.anets.service.impl.GuoXinInvoiceServiceImpl - 请求报文:<?xml version='1.0' encoding='UTF-8'?> <interface xmlns="" xmlns:xsi="http://www.w3.org/2001/XMLSchema-instance" xmlns:schemaLocation="http://www.chinatax.gov.cn/tirip/dataspec/interfaces.xsd" version="DZFPQZ0.2"> <globalInfo> <appId>6d29f136114544bcc73edcce960c430231183cc192c433e2b9ebcad56e8ceb08</appId> <interfaceId></interfaceId><interfaceCode>DFXJ1008</interfaceCode> <requestCode>DZFPQZ</requestCode> <requestTime>2021-03-01 14:27:52</requestTime> <responseCode>DS</responseCode> <dataExchangeId>DZFPQZDFXJ100820210301d9fa80f7-</dataExchangeId> </globalInfo> <returnStateInfo> <returnCode></returnCode> <returnMessage></returnMessage> </returnStateInfo> <Data><dataDescription> <zipCode>0</zipCode> </dataDescription> <content>PFJFUVVFU1RfQ09NTU9OX0ZQS1NIQyBjbGFzcz0iUkVRVUVTVF9DT01NT05fRlBLU0hDIj48RlBRUUxTSD4wMDAwMDA5Mjg1MTAxPC9GUFFRTFNIPjxYU0ZfTUM+55m+5pe655S15a2Q5rWL6K+VMjwvWFNGX01DPjxYU0ZfTlNSU0JIPjExMDEwOTUwMDMyMTY1NTwvWFNGX05TUlNCSD48WUZQX0RNPjA1MDAwMzUyMTEwNzwvWUZQX0RNPjxZRlBfSE0+MzU2ODcwNjI8L1lGUF9ITT48L1JFUVVFU1RfQ09NTU9OX0ZQS1NIQz4=</content> <contentKey>9VixsIsXQ6AN+WGHqa69h2c8ofYL7Hcn0WXe75B5eBhU4pYCt+SUydvtom101qqc</contentKey> </Data> </interface>
2021-03-01 14:27:52.141 [http-nio-2000-exec-9] INFO  top.anets.service.impl.GuoXinInvoiceServiceImpl - 证书地址-----:F:/zhys/zhengshu/testISSUE.pfx
2021-03-01 14:27:52.141 [http-nio-2000-exec-9] INFO  top.anets.service.impl.GuoXinInvoiceServiceImpl - 证书密码-----:123456
2021-03-01 14:27:52.141 [http-nio-2000-exec-9] INFO  top.anets.utils.guoXin.RequestUtils - http请求开始，请求地址：https://dev.fapiao.com:18944/fpt-dsqz/invoice
2021-03-01 14:27:54.451 [http-nio-2000-exec-9] INFO  top.anets.utils.guoXin.RequestUtils - 请求结果:<?xml version='1.0' encoding='UTF-8'?><interface xmlns="" xmlns:xsi="http://www.w3.org/2001/XMLSchema-instance" xmlns:schemaLocation="http://www.chinatax.gov.cn/tirip/dataspec/interfaces.xsd" version="DZFPQZ1.0"> <globalInfo><appId>0</appId><interfaceId></interfaceId><interfaceCode>DFXJ1008</interfaceCode><requestCode>DZFPQZ</requestCode><requestTime>2021-03-01 14:27:53:947</requestTime><responseCode>1</responseCode><dataExchangeId>DZFPQZDFXJ100820210301d9fa80f7-</dataExchangeId></globalInfo><returnStateInfo><returnCode>0000</returnCode><returnMessage><![CDATA[此发票已经开具过]]></returnMessage></returnStateInfo><Data><dataDescription><zipCode>0</zipCode></dataDescription><content>PFJFU1BPTlNFPjxGUFFRTFNIPjAwMDAwMDkyODUxMDE8L0ZQUVFMU0g+PEZQX0RNPjA1MDAwMzUyMTEwNzwvRlBfRE0+PEZQX0hNPjM1Njg3MDYyPC9GUF9ITT48SllNPjE2NjIyODk3NzE3ODQ0OTkwNTQyPC9KWU0+PEtQUlE+MjAyMTAxMTEyMzEwMDA8L0tQUlE+PFBERl9VUkw+PCFbQ0RBVEFbaHR0cDovL2Rldi5mYXBpYW8uY29tOjE5MDgwL2R6ZnAtd2ViL3BkZi9kb3dubG9hZD9yZXF1ZXN0PWU1dWhmOFdFVElPTWdhYTJjQ1VNdHFING1nYTdhN1k2YlJoT2t3TnJ3YmNNTnFTQkE0cUxtUHFvcFZzRDJDc3Vwa3pRNk44QTBIUV8lNUVjR0JoaGpKR2JoXV0+PC9QREZfVVJMPjxTUF9VUkw+PCFbQ0RBVEFbaHR0cHM6Ly90ZXN0d3guZmFwaWFvLmNvbS9mcHQtd2VjaGF0L3d4YWRkY2FyZC5kbz9jb2RlPSUyQmFVcyUyRmlEZDRsWnoyU0VzRHZKJTJCYkFCVyUyQmgzamlOdkdTRCUyRlBMcFJFWWdsazhEekJTdmNvT0dHYkE5c3RkMEtuajNHTmlsazA2R0JJJTBBZ01TZHpvNE5CQSUzRCUzRF1dPjwvU1BfVVJMPjwvUkVTUE9OU0U+</content></Data></interface>
2021-03-01 14:27:54.451 [http-nio-2000-exec-9] INFO  top.anets.service.impl.GuoXinInvoiceServiceImpl - 返回结果:<?xml version='1.0' encoding='UTF-8'?><interface xmlns="" xmlns:xsi="http://www.w3.org/2001/XMLSchema-instance" xmlns:schemaLocation="http://www.chinatax.gov.cn/tirip/dataspec/interfaces.xsd" version="DZFPQZ1.0"> <globalInfo><appId>0</appId><interfaceId></interfaceId><interfaceCode>DFXJ1008</interfaceCode><requestCode>DZFPQZ</requestCode><requestTime>2021-03-01 14:27:53:947</requestTime><responseCode>1</responseCode><dataExchangeId>DZFPQZDFXJ100820210301d9fa80f7-</dataExchangeId></globalInfo><returnStateInfo><returnCode>0000</returnCode><returnMessage><![CDATA[此发票已经开具过]]></returnMessage></returnStateInfo><Data><dataDescription><zipCode>0</zipCode></dataDescription><content>PFJFU1BPTlNFPjxGUFFRTFNIPjAwMDAwMDkyODUxMDE8L0ZQUVFMU0g+PEZQX0RNPjA1MDAwMzUyMTEwNzwvRlBfRE0+PEZQX0hNPjM1Njg3MDYyPC9GUF9ITT48SllNPjE2NjIyODk3NzE3ODQ0OTkwNTQyPC9KWU0+PEtQUlE+MjAyMTAxMTEyMzEwMDA8L0tQUlE+PFBERl9VUkw+PCFbQ0RBVEFbaHR0cDovL2Rldi5mYXBpYW8uY29tOjE5MDgwL2R6ZnAtd2ViL3BkZi9kb3dubG9hZD9yZXF1ZXN0PWU1dWhmOFdFVElPTWdhYTJjQ1VNdHFING1nYTdhN1k2YlJoT2t3TnJ3YmNNTnFTQkE0cUxtUHFvcFZzRDJDc3Vwa3pRNk44QTBIUV8lNUVjR0JoaGpKR2JoXV0+PC9QREZfVVJMPjxTUF9VUkw+PCFbQ0RBVEFbaHR0cHM6Ly90ZXN0d3guZmFwaWFvLmNvbS9mcHQtd2VjaGF0L3d4YWRkY2FyZC5kbz9jb2RlPSUyQmFVcyUyRmlEZDRsWnoyU0VzRHZKJTJCYkFCVyUyQmgzamlOdkdTRCUyRlBMcFJFWWdsazhEekJTdmNvT0dHYkE5c3RkMEtuajNHTmlsazA2R0JJJTBBZ01TZHpvNE5CQSUzRCUzRF1dPjwvU1BfVVJMPjwvUkVTUE9OU0U+</content></Data></interface>
2021-03-01 14:27:54.453 [http-nio-2000-exec-9] INFO  top.anets.service.impl.GuoXinInvoiceServiceImpl - 获取的加密内容:PFJFU1BPTlNFPjxGUFFRTFNIPjAwMDAwMDkyODUxMDE8L0ZQUVFMU0g+PEZQX0RNPjA1MDAwMzUyMTEwNzwvRlBfRE0+PEZQX0hNPjM1Njg3MDYyPC9GUF9ITT48SllNPjE2NjIyODk3NzE3ODQ0OTkwNTQyPC9KWU0+PEtQUlE+MjAyMTAxMTEyMzEwMDA8L0tQUlE+PFBERl9VUkw+PCFbQ0RBVEFbaHR0cDovL2Rldi5mYXBpYW8uY29tOjE5MDgwL2R6ZnAtd2ViL3BkZi9kb3dubG9hZD9yZXF1ZXN0PWU1dWhmOFdFVElPTWdhYTJjQ1VNdHFING1nYTdhN1k2YlJoT2t3TnJ3YmNNTnFTQkE0cUxtUHFvcFZzRDJDc3Vwa3pRNk44QTBIUV8lNUVjR0JoaGpKR2JoXV0+PC9QREZfVVJMPjxTUF9VUkw+PCFbQ0RBVEFbaHR0cHM6Ly90ZXN0d3guZmFwaWFvLmNvbS9mcHQtd2VjaGF0L3d4YWRkY2FyZC5kbz9jb2RlPSUyQmFVcyUyRmlEZDRsWnoyU0VzRHZKJTJCYkFCVyUyQmgzamlOdkdTRCUyRlBMcFJFWWdsazhEekJTdmNvT0dHYkE5c3RkMEtuajNHTmlsazA2R0JJJTBBZ01TZHpvNE5CQSUzRCUzRF1dPjwvU1BfVVJMPjwvUkVTUE9OU0U+
2021-03-01 14:27:54.454 [http-nio-2000-exec-9] INFO  top.anets.service.impl.GuoXinInvoiceServiceImpl - 解析加密:<RESPONSE><FPQQLSH>0000009285101</FPQQLSH><FP_DM>050003521107</FP_DM><FP_HM>35687062</FP_HM><JYM>16622897717844990542</JYM><KPRQ>20210111231000</KPRQ><PDF_URL><![CDATA[http://dev.fapiao.com:19080/dzfp-web/pdf/download?request=e5uhf8WETIOMgaa2cCUMtqH4mga7a7Y6bRhOkwNrwbcMNqSBA4qLmPqopVsD2CsupkzQ6N8A0HQ_%5EcGBhhjJGbh]]></PDF_URL><SP_URL><![CDATA[https://testwx.fapiao.com/fpt-wechat/wxaddcard.do?code=%2BaUs%2FiDd4lZz2SEsDvJ%2BbABW%2Bh3jiNvGSD%2FPLpREYglk8DzBSvcoOGGbA9std0Knj3GNilk06GBI%0AgMSdzo4NBA%3D%3D]]></SP_URL></RESPONSE>
2021-03-01 14:27:54.455 [http-nio-2000-exec-9] INFO  top.anets.service.impl.GuoXinInvoiceServiceImpl - 红冲结果:InvoiceResult [data=null, code=null, success=true, msg=null, groupStatus=9, docNum=0000009285, groupNum=101, goldtaxCode=050003521107, goldtaxNum=35687062, billGdate=20210111231000, hjje=null, hjse=null, jshj=null, ePdfUrl=http://dev.fapiao.com:19080/dzfp-web/pdf/download?request=e5uhf8WETIOMgaa2cCUMtqH4mga7a7Y6bRhOkwNrwbcMNqSBA4qLmPqopVsD2CsupkzQ6N8A0HQ_%5EcGBhhjJGbh]
2021-03-01 14:30:39.270 [http-nio-2000-exec-5] INFO  top.anets.service.impl.InvoiceViewServiceImpl - 整单红冲:0000000144
2021-03-01 14:30:39.351 [http-nio-2000-exec-5] INFO  top.anets.utils.GuoXin - 请求xml内容:<REQUEST_COMMON_FPKSHC class="REQUEST_COMMON_FPKSHC"><FPQQLSH>0000000144101</FPQQLSH><XSF_MC>百旺电子测试2</XSF_MC><XSF_NSRSBH>110109500321655</XSF_NSRSBH><YFP_DM>050003521107</YFP_DM><YFP_HM>35696120</YFP_HM></REQUEST_COMMON_FPKSHC>
2021-03-01 14:30:39.352 [http-nio-2000-exec-5] INFO  top.anets.utils.GuoXin - 秘钥:5EE6C2C11DD421F2
2021-03-01 14:30:39.352 [http-nio-2000-exec-5] INFO  top.anets.service.impl.GuoXinInvoiceServiceImpl - 请求报文:<?xml version='1.0' encoding='UTF-8'?> <interface xmlns="" xmlns:xsi="http://www.w3.org/2001/XMLSchema-instance" xmlns:schemaLocation="http://www.chinatax.gov.cn/tirip/dataspec/interfaces.xsd" version="DZFPQZ0.2"> <globalInfo> <appId>6d29f136114544bcc73edcce960c430231183cc192c433e2b9ebcad56e8ceb08</appId> <interfaceId></interfaceId><interfaceCode>DFXJ1008</interfaceCode> <requestCode>DZFPQZ</requestCode> <requestTime>2021-03-01 14:30:39</requestTime> <responseCode>DS</responseCode> <dataExchangeId>DZFPQZDFXJ1008202103017ae1d5af-</dataExchangeId> </globalInfo> <returnStateInfo> <returnCode></returnCode> <returnMessage></returnMessage> </returnStateInfo> <Data><dataDescription> <zipCode>0</zipCode> </dataDescription> <content>PFJFUVVFU1RfQ09NTU9OX0ZQS1NIQyBjbGFzcz0iUkVRVUVTVF9DT01NT05fRlBLU0hDIj48RlBRUUxTSD4wMDAwMDAwMTQ0MTAxPC9GUFFRTFNIPjxYU0ZfTUM+55m+5pe655S15a2Q5rWL6K+VMjwvWFNGX01DPjxYU0ZfTlNSU0JIPjExMDEwOTUwMDMyMTY1NTwvWFNGX05TUlNCSD48WUZQX0RNPjA1MDAwMzUyMTEwNzwvWUZQX0RNPjxZRlBfSE0+MzU2OTYxMjA8L1lGUF9ITT48L1JFUVVFU1RfQ09NTU9OX0ZQS1NIQz4=</content> <contentKey>gWKiOqa22mVzLfeZ5aKrtZRvZasxWUxMMnmEl51aIuxU4pYCt+SUydvtom101qqc</contentKey> </Data> </interface>
2021-03-01 14:30:39.352 [http-nio-2000-exec-5] INFO  top.anets.service.impl.GuoXinInvoiceServiceImpl - 证书地址-----:F:/zhys/zhengshu/testISSUE.pfx
2021-03-01 14:30:39.352 [http-nio-2000-exec-5] INFO  top.anets.service.impl.GuoXinInvoiceServiceImpl - 证书密码-----:123456
2021-03-01 14:30:39.352 [http-nio-2000-exec-5] INFO  top.anets.utils.guoXin.RequestUtils - http请求开始，请求地址：https://dev.fapiao.com:18944/fpt-dsqz/invoice
2021-03-01 14:30:41.509 [http-nio-2000-exec-5] INFO  top.anets.utils.guoXin.RequestUtils - 请求结果:<?xml version='1.0' encoding='UTF-8'?><interface xmlns="" xmlns:xsi="http://www.w3.org/2001/XMLSchema-instance" xmlns:schemaLocation="http://www.chinatax.gov.cn/tirip/dataspec/interfaces.xsd" version="DZFPQZ1.0"> <globalInfo><appId>0</appId><interfaceId></interfaceId><interfaceCode>DFXJ1008</interfaceCode><requestCode>DZFPQZ</requestCode><requestTime>2021-03-01 14:30:41:12</requestTime><responseCode>1</responseCode><dataExchangeId>DZFPQZDFXJ1008202103017ae1d5af-</dataExchangeId></globalInfo><returnStateInfo><returnCode>0000</returnCode><returnMessage><![CDATA[此发票已经开具过]]></returnMessage></returnStateInfo><Data><dataDescription><zipCode>0</zipCode></dataDescription><content>PFJFU1BPTlNFPjxGUFFRTFNIPjAwMDAwMDAxNDQxMDE8L0ZQUVFMU0g+PEZQX0RNPjA1MDAwMzUyMTEwNzwvRlBfRE0+PEZQX0hNPjM1Njk2MTIwPC9GUF9ITT48SllNPjAwODE0OTczMTk2NTg2NzUwMzcxPC9KWU0+PEtQUlE+MjAyMTAxMTEyMTUwMDQ8L0tQUlE+PFBERl9VUkw+PCFbQ0RBVEFbaHR0cDovL2Rldi5mYXBpYW8uY29tOjE5MDgwL2R6ZnAtd2ViL3BkZi9kb3dubG9hZD9yZXF1ZXN0PWU1dWhmOFdFVElPTWdhYTJjQ1VNdHUyRnZJc3FHRHYzRzFzQk9xVEM5TFVNTnFTQkE0cUxtUEU4dFRNMWM3QllJSVEzdWNYbm9NWV8lNUVDaEFBZGppSmRnXV0+PC9QREZfVVJMPjxTUF9VUkw+PCFbQ0RBVEFbaHR0cHM6Ly90ZXN0d3guZmFwaWFvLmNvbS9mcHQtd2VjaGF0L3d4YWRkY2FyZC5kbz9jb2RlPSUyQmFVcyUyRmlEZDRsYU4wTlBZamEyODVYJTJGZzNNQm5qQzR6Q2ZPSlE1N0w4WHdQeXZocE5ZZGJBQWgzUzlKbGUxdjVqM0dOaWxrMDZHQkklMEFnTVNkem80TkJBJTNEJTNEXV0+PC9TUF9VUkw+PC9SRVNQT05TRT4=</content></Data></interface>
2021-03-01 14:30:41.509 [http-nio-2000-exec-5] INFO  top.anets.service.impl.GuoXinInvoiceServiceImpl - 返回结果:<?xml version='1.0' encoding='UTF-8'?><interface xmlns="" xmlns:xsi="http://www.w3.org/2001/XMLSchema-instance" xmlns:schemaLocation="http://www.chinatax.gov.cn/tirip/dataspec/interfaces.xsd" version="DZFPQZ1.0"> <globalInfo><appId>0</appId><interfaceId></interfaceId><interfaceCode>DFXJ1008</interfaceCode><requestCode>DZFPQZ</requestCode><requestTime>2021-03-01 14:30:41:12</requestTime><responseCode>1</responseCode><dataExchangeId>DZFPQZDFXJ1008202103017ae1d5af-</dataExchangeId></globalInfo><returnStateInfo><returnCode>0000</returnCode><returnMessage><![CDATA[此发票已经开具过]]></returnMessage></returnStateInfo><Data><dataDescription><zipCode>0</zipCode></dataDescription><content>PFJFU1BPTlNFPjxGUFFRTFNIPjAwMDAwMDAxNDQxMDE8L0ZQUVFMU0g+PEZQX0RNPjA1MDAwMzUyMTEwNzwvRlBfRE0+PEZQX0hNPjM1Njk2MTIwPC9GUF9ITT48SllNPjAwODE0OTczMTk2NTg2NzUwMzcxPC9KWU0+PEtQUlE+MjAyMTAxMTEyMTUwMDQ8L0tQUlE+PFBERl9VUkw+PCFbQ0RBVEFbaHR0cDovL2Rldi5mYXBpYW8uY29tOjE5MDgwL2R6ZnAtd2ViL3BkZi9kb3dubG9hZD9yZXF1ZXN0PWU1dWhmOFdFVElPTWdhYTJjQ1VNdHUyRnZJc3FHRHYzRzFzQk9xVEM5TFVNTnFTQkE0cUxtUEU4dFRNMWM3QllJSVEzdWNYbm9NWV8lNUVDaEFBZGppSmRnXV0+PC9QREZfVVJMPjxTUF9VUkw+PCFbQ0RBVEFbaHR0cHM6Ly90ZXN0d3guZmFwaWFvLmNvbS9mcHQtd2VjaGF0L3d4YWRkY2FyZC5kbz9jb2RlPSUyQmFVcyUyRmlEZDRsYU4wTlBZamEyODVYJTJGZzNNQm5qQzR6Q2ZPSlE1N0w4WHdQeXZocE5ZZGJBQWgzUzlKbGUxdjVqM0dOaWxrMDZHQkklMEFnTVNkem80TkJBJTNEJTNEXV0+PC9TUF9VUkw+PC9SRVNQT05TRT4=</content></Data></interface>
2021-03-01 14:30:41.511 [http-nio-2000-exec-5] INFO  top.anets.service.impl.GuoXinInvoiceServiceImpl - 获取的加密内容:PFJFU1BPTlNFPjxGUFFRTFNIPjAwMDAwMDAxNDQxMDE8L0ZQUVFMU0g+PEZQX0RNPjA1MDAwMzUyMTEwNzwvRlBfRE0+PEZQX0hNPjM1Njk2MTIwPC9GUF9ITT48SllNPjAwODE0OTczMTk2NTg2NzUwMzcxPC9KWU0+PEtQUlE+MjAyMTAxMTEyMTUwMDQ8L0tQUlE+PFBERl9VUkw+PCFbQ0RBVEFbaHR0cDovL2Rldi5mYXBpYW8uY29tOjE5MDgwL2R6ZnAtd2ViL3BkZi9kb3dubG9hZD9yZXF1ZXN0PWU1dWhmOFdFVElPTWdhYTJjQ1VNdHUyRnZJc3FHRHYzRzFzQk9xVEM5TFVNTnFTQkE0cUxtUEU4dFRNMWM3QllJSVEzdWNYbm9NWV8lNUVDaEFBZGppSmRnXV0+PC9QREZfVVJMPjxTUF9VUkw+PCFbQ0RBVEFbaHR0cHM6Ly90ZXN0d3guZmFwaWFvLmNvbS9mcHQtd2VjaGF0L3d4YWRkY2FyZC5kbz9jb2RlPSUyQmFVcyUyRmlEZDRsYU4wTlBZamEyODVYJTJGZzNNQm5qQzR6Q2ZPSlE1N0w4WHdQeXZocE5ZZGJBQWgzUzlKbGUxdjVqM0dOaWxrMDZHQkklMEFnTVNkem80TkJBJTNEJTNEXV0+PC9TUF9VUkw+PC9SRVNQT05TRT4=
2021-03-01 14:30:41.512 [http-nio-2000-exec-5] INFO  top.anets.service.impl.GuoXinInvoiceServiceImpl - 解析加密:<RESPONSE><FPQQLSH>0000000144101</FPQQLSH><FP_DM>050003521107</FP_DM><FP_HM>35696120</FP_HM><JYM>00814973196586750371</JYM><KPRQ>20210111215004</KPRQ><PDF_URL><![CDATA[http://dev.fapiao.com:19080/dzfp-web/pdf/download?request=e5uhf8WETIOMgaa2cCUMtu2FvIsqGDv3G1sBOqTC9LUMNqSBA4qLmPE8tTM1c7BYIIQ3ucXnoMY_%5EChAAdjiJdg]]></PDF_URL><SP_URL><![CDATA[https://testwx.fapiao.com/fpt-wechat/wxaddcard.do?code=%2BaUs%2FiDd4laN0NPYja285X%2Fg3MBnjC4zCfOJQ57L8XwPyvhpNYdbAAh3S9Jle1v5j3GNilk06GBI%0AgMSdzo4NBA%3D%3D]]></SP_URL></RESPONSE>
2021-03-01 14:30:41.513 [http-nio-2000-exec-5] INFO  top.anets.service.impl.GuoXinInvoiceServiceImpl - 红冲结果:InvoiceResult [data=null, code=null, success=true, msg=null, groupStatus=9, docNum=0000000144, groupNum=101, goldtaxCode=050003521107, goldtaxNum=35696120, billGdate=20210111215004, hjje=null, hjse=null, jshj=null, ePdfUrl=http://dev.fapiao.com:19080/dzfp-web/pdf/download?request=e5uhf8WETIOMgaa2cCUMtu2FvIsqGDv3G1sBOqTC9LUMNqSBA4qLmPE8tTM1c7BYIIQ3ucXnoMY_%5EChAAdjiJdg]
2021-03-01 14:31:20.674 [http-nio-2000-exec-9] INFO  top.anets.service.impl.InvoiceViewServiceImpl - 整单红冲:8000000001
2021-03-01 14:31:20.688 [http-nio-2000-exec-9] INFO  top.anets.utils.GuoXin - 请求xml内容:<REQUEST_COMMON_FPKSHC class="REQUEST_COMMON_FPKSHC"><FPQQLSH>8000000001101</FPQQLSH><XSF_MC>百旺电子测试2</XSF_MC><XSF_NSRSBH>110109500321655</XSF_NSRSBH><YFP_DM>050003521107</YFP_DM><YFP_HM>35696128</YFP_HM></REQUEST_COMMON_FPKSHC>
2021-03-01 14:31:20.688 [http-nio-2000-exec-9] INFO  top.anets.utils.GuoXin - 秘钥:5EE6C2C11DD421F2
2021-03-01 14:31:20.689 [http-nio-2000-exec-9] INFO  top.anets.service.impl.GuoXinInvoiceServiceImpl - 请求报文:<?xml version='1.0' encoding='UTF-8'?> <interface xmlns="" xmlns:xsi="http://www.w3.org/2001/XMLSchema-instance" xmlns:schemaLocation="http://www.chinatax.gov.cn/tirip/dataspec/interfaces.xsd" version="DZFPQZ0.2"> <globalInfo> <appId>6d29f136114544bcc73edcce960c430231183cc192c433e2b9ebcad56e8ceb08</appId> <interfaceId></interfaceId><interfaceCode>DFXJ1008</interfaceCode> <requestCode>DZFPQZ</requestCode> <requestTime>2021-03-01 14:31:20</requestTime> <responseCode>DS</responseCode> <dataExchangeId>DZFPQZDFXJ1008202103016e345080-</dataExchangeId> </globalInfo> <returnStateInfo> <returnCode></returnCode> <returnMessage></returnMessage> </returnStateInfo> <Data><dataDescription> <zipCode>0</zipCode> </dataDescription> <content>PFJFUVVFU1RfQ09NTU9OX0ZQS1NIQyBjbGFzcz0iUkVRVUVTVF9DT01NT05fRlBLU0hDIj48RlBRUUxTSD44MDAwMDAwMDAxMTAxPC9GUFFRTFNIPjxYU0ZfTUM+55m+5pe655S15a2Q5rWL6K+VMjwvWFNGX01DPjxYU0ZfTlNSU0JIPjExMDEwOTUwMDMyMTY1NTwvWFNGX05TUlNCSD48WUZQX0RNPjA1MDAwMzUyMTEwNzwvWUZQX0RNPjxZRlBfSE0+MzU2OTYxMjg8L1lGUF9ITT48L1JFUVVFU1RfQ09NTU9OX0ZQS1NIQz4=</content> <contentKey>JJU424J9AHrHKaenz1jEak4DqqoNb+A22+ddwMpH6XFU4pYCt+SUydvtom101qqc</contentKey> </Data> </interface>
2021-03-01 14:31:20.691 [http-nio-2000-exec-9] INFO  top.anets.service.impl.GuoXinInvoiceServiceImpl - 证书地址-----:F:/zhys/zhengshu/testISSUE.pfx
2021-03-01 14:31:20.691 [http-nio-2000-exec-9] INFO  top.anets.service.impl.GuoXinInvoiceServiceImpl - 证书密码-----:123456
2021-03-01 14:31:20.691 [http-nio-2000-exec-9] INFO  top.anets.utils.guoXin.RequestUtils - http请求开始，请求地址：https://dev.fapiao.com:18944/fpt-dsqz/invoice
2021-03-01 14:31:22.802 [http-nio-2000-exec-9] INFO  top.anets.utils.guoXin.RequestUtils - 请求结果:<?xml version='1.0' encoding='UTF-8'?><interface xmlns="" xmlns:xsi="http://www.w3.org/2001/XMLSchema-instance" xmlns:schemaLocation="http://www.chinatax.gov.cn/tirip/dataspec/interfaces.xsd" version="DZFPQZ1.0"> <globalInfo><appId>0</appId><interfaceId></interfaceId><interfaceCode>DFXJ1008</interfaceCode><requestCode>DZFPQZ</requestCode><requestTime>2021-03-01 14:31:22:301</requestTime><responseCode>1</responseCode><dataExchangeId>DZFPQZDFXJ1008202103016e345080-</dataExchangeId></globalInfo><returnStateInfo><returnCode>0000</returnCode><returnMessage><![CDATA[此发票已经开具过]]></returnMessage></returnStateInfo><Data><dataDescription><zipCode>0</zipCode></dataDescription><content>PFJFU1BPTlNFPjxGUFFRTFNIPjgwMDAwMDAwMDExMDE8L0ZQUVFMU0g+PEZQX0RNPjA1MDAwMzUyMTEwNzwvRlBfRE0+PEZQX0hNPjM1Njk2MTI4PC9GUF9ITT48SllNPjE2ODg0NTM1OTc5MTcyODE2MDQ1PC9KWU0+PEtQUlE+MjAyMTAxMTEyMjQxMTc8L0tQUlE+PFBERl9VUkw+PCFbQ0RBVEFbaHR0cDovL2Rldi5mYXBpYW8uY29tOjE5MDgwL2R6ZnAtd2ViL3BkZi9kb3dubG9hZD9yZXF1ZXN0PWU1dWhmOFdFVElPTWdhYTJjQ1VNdGxDQjJDd0VqMWE4RzJZdUYyZ09EczhNTnFTQkE0cUxtUEU4dFRNMWM3QllEckhVd3daVXdad18lNUVEaGhEYWNhQWRhXV0+PC9QREZfVVJMPjxTUF9VUkw+PCFbQ0RBVEFbaHR0cHM6Ly90ZXN0d3guZmFwaWFvLmNvbS9mcHQtd2VjaGF0L3d4YWRkY2FyZC5kbz9jb2RlPSUyQmFVcyUyRmlEZDRsYU4wTlBZamEyODVkNmM5U3hKJTJCSEtyY0NLWGRKRkthWjhITVJ4OHpza3pGJTJGZERZQUZncGRMcGozR05pbGswNkdCSSUwQWdNU2R6bzROQkElM0QlM0RdXT48L1NQX1VSTD48L1JFU1BPTlNFPg==</content></Data></interface>
2021-03-01 14:31:22.802 [http-nio-2000-exec-9] INFO  top.anets.service.impl.GuoXinInvoiceServiceImpl - 返回结果:<?xml version='1.0' encoding='UTF-8'?><interface xmlns="" xmlns:xsi="http://www.w3.org/2001/XMLSchema-instance" xmlns:schemaLocation="http://www.chinatax.gov.cn/tirip/dataspec/interfaces.xsd" version="DZFPQZ1.0"> <globalInfo><appId>0</appId><interfaceId></interfaceId><interfaceCode>DFXJ1008</interfaceCode><requestCode>DZFPQZ</requestCode><requestTime>2021-03-01 14:31:22:301</requestTime><responseCode>1</responseCode><dataExchangeId>DZFPQZDFXJ1008202103016e345080-</dataExchangeId></globalInfo><returnStateInfo><returnCode>0000</returnCode><returnMessage><![CDATA[此发票已经开具过]]></returnMessage></returnStateInfo><Data><dataDescription><zipCode>0</zipCode></dataDescription><content>PFJFU1BPTlNFPjxGUFFRTFNIPjgwMDAwMDAwMDExMDE8L0ZQUVFMU0g+PEZQX0RNPjA1MDAwMzUyMTEwNzwvRlBfRE0+PEZQX0hNPjM1Njk2MTI4PC9GUF9ITT48SllNPjE2ODg0NTM1OTc5MTcyODE2MDQ1PC9KWU0+PEtQUlE+MjAyMTAxMTEyMjQxMTc8L0tQUlE+PFBERl9VUkw+PCFbQ0RBVEFbaHR0cDovL2Rldi5mYXBpYW8uY29tOjE5MDgwL2R6ZnAtd2ViL3BkZi9kb3dubG9hZD9yZXF1ZXN0PWU1dWhmOFdFVElPTWdhYTJjQ1VNdGxDQjJDd0VqMWE4RzJZdUYyZ09EczhNTnFTQkE0cUxtUEU4dFRNMWM3QllEckhVd3daVXdad18lNUVEaGhEYWNhQWRhXV0+PC9QREZfVVJMPjxTUF9VUkw+PCFbQ0RBVEFbaHR0cHM6Ly90ZXN0d3guZmFwaWFvLmNvbS9mcHQtd2VjaGF0L3d4YWRkY2FyZC5kbz9jb2RlPSUyQmFVcyUyRmlEZDRsYU4wTlBZamEyODVkNmM5U3hKJTJCSEtyY0NLWGRKRkthWjhITVJ4OHpza3pGJTJGZERZQUZncGRMcGozR05pbGswNkdCSSUwQWdNU2R6bzROQkElM0QlM0RdXT48L1NQX1VSTD48L1JFU1BPTlNFPg==</content></Data></interface>
2021-03-01 14:31:22.804 [http-nio-2000-exec-9] INFO  top.anets.service.impl.GuoXinInvoiceServiceImpl - 获取的加密内容:PFJFU1BPTlNFPjxGUFFRTFNIPjgwMDAwMDAwMDExMDE8L0ZQUVFMU0g+PEZQX0RNPjA1MDAwMzUyMTEwNzwvRlBfRE0+PEZQX0hNPjM1Njk2MTI4PC9GUF9ITT48SllNPjE2ODg0NTM1OTc5MTcyODE2MDQ1PC9KWU0+PEtQUlE+MjAyMTAxMTEyMjQxMTc8L0tQUlE+PFBERl9VUkw+PCFbQ0RBVEFbaHR0cDovL2Rldi5mYXBpYW8uY29tOjE5MDgwL2R6ZnAtd2ViL3BkZi9kb3dubG9hZD9yZXF1ZXN0PWU1dWhmOFdFVElPTWdhYTJjQ1VNdGxDQjJDd0VqMWE4RzJZdUYyZ09EczhNTnFTQkE0cUxtUEU4dFRNMWM3QllEckhVd3daVXdad18lNUVEaGhEYWNhQWRhXV0+PC9QREZfVVJMPjxTUF9VUkw+PCFbQ0RBVEFbaHR0cHM6Ly90ZXN0d3guZmFwaWFvLmNvbS9mcHQtd2VjaGF0L3d4YWRkY2FyZC5kbz9jb2RlPSUyQmFVcyUyRmlEZDRsYU4wTlBZamEyODVkNmM5U3hKJTJCSEtyY0NLWGRKRkthWjhITVJ4OHpza3pGJTJGZERZQUZncGRMcGozR05pbGswNkdCSSUwQWdNU2R6bzROQkElM0QlM0RdXT48L1NQX1VSTD48L1JFU1BPTlNFPg==
2021-03-01 14:31:22.804 [http-nio-2000-exec-9] INFO  top.anets.service.impl.GuoXinInvoiceServiceImpl - 解析加密:<RESPONSE><FPQQLSH>8000000001101</FPQQLSH><FP_DM>050003521107</FP_DM><FP_HM>35696128</FP_HM><JYM>16884535979172816045</JYM><KPRQ>20210111224117</KPRQ><PDF_URL><![CDATA[http://dev.fapiao.com:19080/dzfp-web/pdf/download?request=e5uhf8WETIOMgaa2cCUMtlCB2CwEj1a8G2YuF2gODs8MNqSBA4qLmPE8tTM1c7BYDrHUwwZUwZw_%5EDhhDacaAda]]></PDF_URL><SP_URL><![CDATA[https://testwx.fapiao.com/fpt-wechat/wxaddcard.do?code=%2BaUs%2FiDd4laN0NPYja285d6c9SxJ%2BHKrcCKXdJFKaZ8HMRx8zskzF%2FdDYAFgpdLpj3GNilk06GBI%0AgMSdzo4NBA%3D%3D]]></SP_URL></RESPONSE>
2021-03-01 14:31:22.805 [http-nio-2000-exec-9] INFO  top.anets.service.impl.GuoXinInvoiceServiceImpl - 红冲结果:InvoiceResult [data=null, code=null, success=true, msg=null, groupStatus=9, docNum=8000000001, groupNum=101, goldtaxCode=050003521107, goldtaxNum=35696128, billGdate=20210111224117, hjje=null, hjse=null, jshj=null, ePdfUrl=http://dev.fapiao.com:19080/dzfp-web/pdf/download?request=e5uhf8WETIOMgaa2cCUMtlCB2CwEj1a8G2YuF2gODs8MNqSBA4qLmPE8tTM1c7BYDrHUwwZUwZw_%5EDhhDacaAda]
2021-03-01 14:31:34.639 [http-nio-2000-exec-10] INFO  top.anets.service.impl.InvoiceViewServiceImpl - 整单红冲:8000000001
2021-03-01 14:31:39.638 [http-nio-2000-exec-8] INFO  top.anets.service.impl.InvoiceViewServiceImpl - 整单红冲:0000000907
2021-03-01 14:31:39.651 [http-nio-2000-exec-8] INFO  top.anets.utils.GuoXin - 请求xml内容:<REQUEST_COMMON_FPKSHC class="REQUEST_COMMON_FPKSHC"><FPQQLSH>0000000907101</FPQQLSH><XSF_MC>百旺电子测试2</XSF_MC><XSF_NSRSBH>110109500321655</XSF_NSRSBH><YFP_DM>050003521107</YFP_DM><YFP_HM>35696127</YFP_HM></REQUEST_COMMON_FPKSHC>
2021-03-01 14:31:39.651 [http-nio-2000-exec-8] INFO  top.anets.utils.GuoXin - 秘钥:5EE6C2C11DD421F2
2021-03-01 14:31:39.651 [http-nio-2000-exec-8] INFO  top.anets.service.impl.GuoXinInvoiceServiceImpl - 请求报文:<?xml version='1.0' encoding='UTF-8'?> <interface xmlns="" xmlns:xsi="http://www.w3.org/2001/XMLSchema-instance" xmlns:schemaLocation="http://www.chinatax.gov.cn/tirip/dataspec/interfaces.xsd" version="DZFPQZ0.2"> <globalInfo> <appId>6d29f136114544bcc73edcce960c430231183cc192c433e2b9ebcad56e8ceb08</appId> <interfaceId></interfaceId><interfaceCode>DFXJ1008</interfaceCode> <requestCode>DZFPQZ</requestCode> <requestTime>2021-03-01 14:31:39</requestTime> <responseCode>DS</responseCode> <dataExchangeId>DZFPQZDFXJ1008202103015fdda41c-</dataExchangeId> </globalInfo> <returnStateInfo> <returnCode></returnCode> <returnMessage></returnMessage> </returnStateInfo> <Data><dataDescription> <zipCode>0</zipCode> </dataDescription> <content>PFJFUVVFU1RfQ09NTU9OX0ZQS1NIQyBjbGFzcz0iUkVRVUVTVF9DT01NT05fRlBLU0hDIj48RlBRUUxTSD4wMDAwMDAwOTA3MTAxPC9GUFFRTFNIPjxYU0ZfTUM+55m+5pe655S15a2Q5rWL6K+VMjwvWFNGX01DPjxYU0ZfTlNSU0JIPjExMDEwOTUwMDMyMTY1NTwvWFNGX05TUlNCSD48WUZQX0RNPjA1MDAwMzUyMTEwNzwvWUZQX0RNPjxZRlBfSE0+MzU2OTYxMjc8L1lGUF9ITT48L1JFUVVFU1RfQ09NTU9OX0ZQS1NIQz4=</content> <contentKey>DimWb+LVpQCnumKedvK60eVvyyNLGvMiJJO9Pe9jiNRU4pYCt+SUydvtom101qqc</contentKey> </Data> </interface>
2021-03-01 14:31:39.652 [http-nio-2000-exec-8] INFO  top.anets.service.impl.GuoXinInvoiceServiceImpl - 证书地址-----:F:/zhys/zhengshu/testISSUE.pfx
2021-03-01 14:31:39.652 [http-nio-2000-exec-8] INFO  top.anets.service.impl.GuoXinInvoiceServiceImpl - 证书密码-----:123456
2021-03-01 14:31:39.652 [http-nio-2000-exec-8] INFO  top.anets.utils.guoXin.RequestUtils - http请求开始，请求地址：https://dev.fapiao.com:18944/fpt-dsqz/invoice
2021-03-01 14:31:41.940 [http-nio-2000-exec-8] INFO  top.anets.utils.guoXin.RequestUtils - 请求结果:<?xml version='1.0' encoding='UTF-8'?><interface xmlns="" xmlns:xsi="http://www.w3.org/2001/XMLSchema-instance" xmlns:schemaLocation="http://www.chinatax.gov.cn/tirip/dataspec/interfaces.xsd" version="DZFPQZ1.0"> <globalInfo><appId>0</appId><interfaceId></interfaceId><interfaceCode>DFXJ1008</interfaceCode><requestCode>DZFPQZ</requestCode><requestTime>2021-03-01 14:31:41:437</requestTime><responseCode>1</responseCode><dataExchangeId>DZFPQZDFXJ1008202103015fdda41c-</dataExchangeId></globalInfo><returnStateInfo><returnCode>0000</returnCode><returnMessage><![CDATA[此发票已经开具过]]></returnMessage></returnStateInfo><Data><dataDescription><zipCode>0</zipCode></dataDescription><content>PFJFU1BPTlNFPjxGUFFRTFNIPjAwMDAwMDA5MDcxMDE8L0ZQUVFMU0g+PEZQX0RNPjA1MDAwMzUyMTEwNzwvRlBfRE0+PEZQX0hNPjM1Njk2MTI3PC9GUF9ITT48SllNPjEzNTM2NzcyMTI3MzUyNDAzODY3PC9KWU0+PEtQUlE+MjAyMTAxMTEyMjQxMTc8L0tQUlE+PFBERl9VUkw+PCFbQ0RBVEFbaHR0cDovL2Rldi5mYXBpYW8uY29tOjE5MDgwL2R6ZnAtd2ViL3BkZi9kb3dubG9hZD9yZXF1ZXN0PWU1dWhmOFdFVElPTWdhYTJjQ1VNdG41Vnc0U09GcmQwVzRZRjlVRGkxMUFNTnFTQkE0cUxtUEU4dFRNMWM3Qllpck05MGtYaUN0Z18lNUVDY0FhamRjaGdDXV0+PC9QREZfVVJMPjxTUF9VUkw+PCFbQ0RBVEFbaHR0cHM6Ly90ZXN0d3guZmFwaWFvLmNvbS9mcHQtd2VjaGF0L3d4YWRkY2FyZC5kbz9jb2RlPSUyQmFVcyUyRmlEZDRsYU4wTlBZamEyODVVdEE5ck9JWEFSc3RyV2lYUURFdjNKbHlDU1U4TjlISmV4Wk4xSDJYZ08lMkJqM0dOaWxrMDZHQkklMEFnTVNkem80TkJBJTNEJTNEXV0+PC9TUF9VUkw+PC9SRVNQT05TRT4=</content></Data></interface>
2021-03-01 14:31:41.940 [http-nio-2000-exec-8] INFO  top.anets.service.impl.GuoXinInvoiceServiceImpl - 返回结果:<?xml version='1.0' encoding='UTF-8'?><interface xmlns="" xmlns:xsi="http://www.w3.org/2001/XMLSchema-instance" xmlns:schemaLocation="http://www.chinatax.gov.cn/tirip/dataspec/interfaces.xsd" version="DZFPQZ1.0"> <globalInfo><appId>0</appId><interfaceId></interfaceId><interfaceCode>DFXJ1008</interfaceCode><requestCode>DZFPQZ</requestCode><requestTime>2021-03-01 14:31:41:437</requestTime><responseCode>1</responseCode><dataExchangeId>DZFPQZDFXJ1008202103015fdda41c-</dataExchangeId></globalInfo><returnStateInfo><returnCode>0000</returnCode><returnMessage><![CDATA[此发票已经开具过]]></returnMessage></returnStateInfo><Data><dataDescription><zipCode>0</zipCode></dataDescription><content>PFJFU1BPTlNFPjxGUFFRTFNIPjAwMDAwMDA5MDcxMDE8L0ZQUVFMU0g+PEZQX0RNPjA1MDAwMzUyMTEwNzwvRlBfRE0+PEZQX0hNPjM1Njk2MTI3PC9GUF9ITT48SllNPjEzNTM2NzcyMTI3MzUyNDAzODY3PC9KWU0+PEtQUlE+MjAyMTAxMTEyMjQxMTc8L0tQUlE+PFBERl9VUkw+PCFbQ0RBVEFbaHR0cDovL2Rldi5mYXBpYW8uY29tOjE5MDgwL2R6ZnAtd2ViL3BkZi9kb3dubG9hZD9yZXF1ZXN0PWU1dWhmOFdFVElPTWdhYTJjQ1VNdG41Vnc0U09GcmQwVzRZRjlVRGkxMUFNTnFTQkE0cUxtUEU4dFRNMWM3Qllpck05MGtYaUN0Z18lNUVDY0FhamRjaGdDXV0+PC9QREZfVVJMPjxTUF9VUkw+PCFbQ0RBVEFbaHR0cHM6Ly90ZXN0d3guZmFwaWFvLmNvbS9mcHQtd2VjaGF0L3d4YWRkY2FyZC5kbz9jb2RlPSUyQmFVcyUyRmlEZDRsYU4wTlBZamEyODVVdEE5ck9JWEFSc3RyV2lYUURFdjNKbHlDU1U4TjlISmV4Wk4xSDJYZ08lMkJqM0dOaWxrMDZHQkklMEFnTVNkem80TkJBJTNEJTNEXV0+PC9TUF9VUkw+PC9SRVNQT05TRT4=</content></Data></interface>
2021-03-01 14:31:41.942 [http-nio-2000-exec-8] INFO  top.anets.service.impl.GuoXinInvoiceServiceImpl - 获取的加密内容:PFJFU1BPTlNFPjxGUFFRTFNIPjAwMDAwMDA5MDcxMDE8L0ZQUVFMU0g+PEZQX0RNPjA1MDAwMzUyMTEwNzwvRlBfRE0+PEZQX0hNPjM1Njk2MTI3PC9GUF9ITT48SllNPjEzNTM2NzcyMTI3MzUyNDAzODY3PC9KWU0+PEtQUlE+MjAyMTAxMTEyMjQxMTc8L0tQUlE+PFBERl9VUkw+PCFbQ0RBVEFbaHR0cDovL2Rldi5mYXBpYW8uY29tOjE5MDgwL2R6ZnAtd2ViL3BkZi9kb3dubG9hZD9yZXF1ZXN0PWU1dWhmOFdFVElPTWdhYTJjQ1VNdG41Vnc0U09GcmQwVzRZRjlVRGkxMUFNTnFTQkE0cUxtUEU4dFRNMWM3Qllpck05MGtYaUN0Z18lNUVDY0FhamRjaGdDXV0+PC9QREZfVVJMPjxTUF9VUkw+PCFbQ0RBVEFbaHR0cHM6Ly90ZXN0d3guZmFwaWFvLmNvbS9mcHQtd2VjaGF0L3d4YWRkY2FyZC5kbz9jb2RlPSUyQmFVcyUyRmlEZDRsYU4wTlBZamEyODVVdEE5ck9JWEFSc3RyV2lYUURFdjNKbHlDU1U4TjlISmV4Wk4xSDJYZ08lMkJqM0dOaWxrMDZHQkklMEFnTVNkem80TkJBJTNEJTNEXV0+PC9TUF9VUkw+PC9SRVNQT05TRT4=
2021-03-01 14:31:41.942 [http-nio-2000-exec-8] INFO  top.anets.service.impl.GuoXinInvoiceServiceImpl - 解析加密:<RESPONSE><FPQQLSH>0000000907101</FPQQLSH><FP_DM>050003521107</FP_DM><FP_HM>35696127</FP_HM><JYM>13536772127352403867</JYM><KPRQ>20210111224117</KPRQ><PDF_URL><![CDATA[http://dev.fapiao.com:19080/dzfp-web/pdf/download?request=e5uhf8WETIOMgaa2cCUMtn5Vw4SOFrd0W4YF9UDi11AMNqSBA4qLmPE8tTM1c7BYirM90kXiCtg_%5ECcAajdchgC]]></PDF_URL><SP_URL><![CDATA[https://testwx.fapiao.com/fpt-wechat/wxaddcard.do?code=%2BaUs%2FiDd4laN0NPYja285UtA9rOIXARstrWiXQDEv3JlyCSU8N9HJexZN1H2XgO%2Bj3GNilk06GBI%0AgMSdzo4NBA%3D%3D]]></SP_URL></RESPONSE>
2021-03-01 14:31:41.944 [http-nio-2000-exec-8] INFO  top.anets.service.impl.GuoXinInvoiceServiceImpl - 红冲结果:InvoiceResult [data=null, code=null, success=true, msg=null, groupStatus=9, docNum=0000000907, groupNum=101, goldtaxCode=050003521107, goldtaxNum=35696127, billGdate=20210111224117, hjje=null, hjse=null, jshj=null, ePdfUrl=http://dev.fapiao.com:19080/dzfp-web/pdf/download?request=e5uhf8WETIOMgaa2cCUMtn5Vw4SOFrd0W4YF9UDi11AMNqSBA4qLmPE8tTM1c7BYirM90kXiCtg_%5ECcAajdchgC]
2021-03-01 14:31:49.810 [http-nio-2000-exec-7] INFO  top.anets.service.impl.InvoiceViewServiceImpl - 整单红冲:0000000290
2021-03-01 14:31:49.820 [http-nio-2000-exec-7] INFO  top.anets.utils.GuoXin - 请求xml内容:<REQUEST_COMMON_FPKSHC class="REQUEST_COMMON_FPKSHC"><FPQQLSH>0000000290101</FPQQLSH><XSF_MC>百旺电子测试2</XSF_MC><XSF_NSRSBH>110109500321655</XSF_NSRSBH><YFP_DM>050003521107</YFP_DM><YFP_HM>35696124</YFP_HM></REQUEST_COMMON_FPKSHC>
2021-03-01 14:31:49.820 [http-nio-2000-exec-7] INFO  top.anets.utils.GuoXin - 秘钥:5EE6C2C11DD421F2
2021-03-01 14:31:49.820 [http-nio-2000-exec-7] INFO  top.anets.service.impl.GuoXinInvoiceServiceImpl - 请求报文:<?xml version='1.0' encoding='UTF-8'?> <interface xmlns="" xmlns:xsi="http://www.w3.org/2001/XMLSchema-instance" xmlns:schemaLocation="http://www.chinatax.gov.cn/tirip/dataspec/interfaces.xsd" version="DZFPQZ0.2"> <globalInfo> <appId>6d29f136114544bcc73edcce960c430231183cc192c433e2b9ebcad56e8ceb08</appId> <interfaceId></interfaceId><interfaceCode>DFXJ1008</interfaceCode> <requestCode>DZFPQZ</requestCode> <requestTime>2021-03-01 14:31:49</requestTime> <responseCode>DS</responseCode> <dataExchangeId>DZFPQZDFXJ1008202103012f3ac38a-</dataExchangeId> </globalInfo> <returnStateInfo> <returnCode></returnCode> <returnMessage></returnMessage> </returnStateInfo> <Data><dataDescription> <zipCode>0</zipCode> </dataDescription> <content>PFJFUVVFU1RfQ09NTU9OX0ZQS1NIQyBjbGFzcz0iUkVRVUVTVF9DT01NT05fRlBLU0hDIj48RlBRUUxTSD4wMDAwMDAwMjkwMTAxPC9GUFFRTFNIPjxYU0ZfTUM+55m+5pe655S15a2Q5rWL6K+VMjwvWFNGX01DPjxYU0ZfTlNSU0JIPjExMDEwOTUwMDMyMTY1NTwvWFNGX05TUlNCSD48WUZQX0RNPjA1MDAwMzUyMTEwNzwvWUZQX0RNPjxZRlBfSE0+MzU2OTYxMjQ8L1lGUF9ITT48L1JFUVVFU1RfQ09NTU9OX0ZQS1NIQz4=</content> <contentKey>F5eM2xEvq3cYEO5ey4aQOA2LJSUoPoPKpHM1pbDPwT1U4pYCt+SUydvtom101qqc</contentKey> </Data> </interface>
2021-03-01 14:31:49.820 [http-nio-2000-exec-7] INFO  top.anets.service.impl.GuoXinInvoiceServiceImpl - 证书地址-----:F:/zhys/zhengshu/testISSUE.pfx
2021-03-01 14:31:49.820 [http-nio-2000-exec-7] INFO  top.anets.service.impl.GuoXinInvoiceServiceImpl - 证书密码-----:123456
2021-03-01 14:31:49.820 [http-nio-2000-exec-7] INFO  top.anets.utils.guoXin.RequestUtils - http请求开始，请求地址：https://dev.fapiao.com:18944/fpt-dsqz/invoice
2021-03-01 14:31:52.099 [http-nio-2000-exec-7] INFO  top.anets.utils.guoXin.RequestUtils - 请求结果:<?xml version='1.0' encoding='UTF-8'?><interface xmlns="" xmlns:xsi="http://www.w3.org/2001/XMLSchema-instance" xmlns:schemaLocation="http://www.chinatax.gov.cn/tirip/dataspec/interfaces.xsd" version="DZFPQZ1.0"> <globalInfo><appId>0</appId><interfaceId></interfaceId><interfaceCode>DFXJ1008</interfaceCode><requestCode>DZFPQZ</requestCode><requestTime>2021-03-01 14:31:51:589</requestTime><responseCode>1</responseCode><dataExchangeId>DZFPQZDFXJ1008202103012f3ac38a-</dataExchangeId></globalInfo><returnStateInfo><returnCode>0000</returnCode><returnMessage><![CDATA[此发票已经开具过]]></returnMessage></returnStateInfo><Data><dataDescription><zipCode>0</zipCode></dataDescription><content>PFJFU1BPTlNFPjxGUFFRTFNIPjAwMDAwMDAyOTAxMDE8L0ZQUVFMU0g+PEZQX0RNPjA1MDAwMzUyMTEwNzwvRlBfRE0+PEZQX0hNPjM1Njk2MTI0PC9GUF9ITT48SllNPjEwNDIwMTU1NzAyMDIxODM1OTY2PC9KWU0+PEtQUlE+MjAyMTAxMTEyMjQxMDY8L0tQUlE+PFBERl9VUkw+PCFbQ0RBVEFbaHR0cDovL2Rldi5mYXBpYW8uY29tOjE5MDgwL2R6ZnAtd2ViL3BkZi9kb3dubG9hZD9yZXF1ZXN0PWU1dWhmOFdFVElPTWdhYTJjQ1VNdHRxdWcybC5zU0FucFdHeVZvdVB4Y2tNTnFTQkE0cUxtUEU4dFRNMWM3QlliTGc0UHAwU0JJSV8lNUVDYUFpaGllRElqXV0+PC9QREZfVVJMPjxTUF9VUkw+PCFbQ0RBVEFbaHR0cHM6Ly90ZXN0d3guZmFwaWFvLmNvbS9mcHQtd2VjaGF0L3d4YWRkY2FyZC5kbz9jb2RlPSUyQmFVcyUyRmlEZDRsYU4wTlBZamEyODVhcjdqTldobFZLU29obGhCU1FuMG5xNWY3QUw2NWRwamZPeXhpb1huOUZuajNHTmlsazA2R0JJJTBBZ01TZHpvNE5CQSUzRCUzRF1dPjwvU1BfVVJMPjwvUkVTUE9OU0U+</content></Data></interface>
2021-03-01 14:31:52.099 [http-nio-2000-exec-7] INFO  top.anets.service.impl.GuoXinInvoiceServiceImpl - 返回结果:<?xml version='1.0' encoding='UTF-8'?><interface xmlns="" xmlns:xsi="http://www.w3.org/2001/XMLSchema-instance" xmlns:schemaLocation="http://www.chinatax.gov.cn/tirip/dataspec/interfaces.xsd" version="DZFPQZ1.0"> <globalInfo><appId>0</appId><interfaceId></interfaceId><interfaceCode>DFXJ1008</interfaceCode><requestCode>DZFPQZ</requestCode><requestTime>2021-03-01 14:31:51:589</requestTime><responseCode>1</responseCode><dataExchangeId>DZFPQZDFXJ1008202103012f3ac38a-</dataExchangeId></globalInfo><returnStateInfo><returnCode>0000</returnCode><returnMessage><![CDATA[此发票已经开具过]]></returnMessage></returnStateInfo><Data><dataDescription><zipCode>0</zipCode></dataDescription><content>PFJFU1BPTlNFPjxGUFFRTFNIPjAwMDAwMDAyOTAxMDE8L0ZQUVFMU0g+PEZQX0RNPjA1MDAwMzUyMTEwNzwvRlBfRE0+PEZQX0hNPjM1Njk2MTI0PC9GUF9ITT48SllNPjEwNDIwMTU1NzAyMDIxODM1OTY2PC9KWU0+PEtQUlE+MjAyMTAxMTEyMjQxMDY8L0tQUlE+PFBERl9VUkw+PCFbQ0RBVEFbaHR0cDovL2Rldi5mYXBpYW8uY29tOjE5MDgwL2R6ZnAtd2ViL3BkZi9kb3dubG9hZD9yZXF1ZXN0PWU1dWhmOFdFVElPTWdhYTJjQ1VNdHRxdWcybC5zU0FucFdHeVZvdVB4Y2tNTnFTQkE0cUxtUEU4dFRNMWM3QlliTGc0UHAwU0JJSV8lNUVDYUFpaGllRElqXV0+PC9QREZfVVJMPjxTUF9VUkw+PCFbQ0RBVEFbaHR0cHM6Ly90ZXN0d3guZmFwaWFvLmNvbS9mcHQtd2VjaGF0L3d4YWRkY2FyZC5kbz9jb2RlPSUyQmFVcyUyRmlEZDRsYU4wTlBZamEyODVhcjdqTldobFZLU29obGhCU1FuMG5xNWY3QUw2NWRwamZPeXhpb1huOUZuajNHTmlsazA2R0JJJTBBZ01TZHpvNE5CQSUzRCUzRF1dPjwvU1BfVVJMPjwvUkVTUE9OU0U+</content></Data></interface>
2021-03-01 14:31:52.101 [http-nio-2000-exec-7] INFO  top.anets.service.impl.GuoXinInvoiceServiceImpl - 获取的加密内容:PFJFU1BPTlNFPjxGUFFRTFNIPjAwMDAwMDAyOTAxMDE8L0ZQUVFMU0g+PEZQX0RNPjA1MDAwMzUyMTEwNzwvRlBfRE0+PEZQX0hNPjM1Njk2MTI0PC9GUF9ITT48SllNPjEwNDIwMTU1NzAyMDIxODM1OTY2PC9KWU0+PEtQUlE+MjAyMTAxMTEyMjQxMDY8L0tQUlE+PFBERl9VUkw+PCFbQ0RBVEFbaHR0cDovL2Rldi5mYXBpYW8uY29tOjE5MDgwL2R6ZnAtd2ViL3BkZi9kb3dubG9hZD9yZXF1ZXN0PWU1dWhmOFdFVElPTWdhYTJjQ1VNdHRxdWcybC5zU0FucFdHeVZvdVB4Y2tNTnFTQkE0cUxtUEU4dFRNMWM3QlliTGc0UHAwU0JJSV8lNUVDYUFpaGllRElqXV0+PC9QREZfVVJMPjxTUF9VUkw+PCFbQ0RBVEFbaHR0cHM6Ly90ZXN0d3guZmFwaWFvLmNvbS9mcHQtd2VjaGF0L3d4YWRkY2FyZC5kbz9jb2RlPSUyQmFVcyUyRmlEZDRsYU4wTlBZamEyODVhcjdqTldobFZLU29obGhCU1FuMG5xNWY3QUw2NWRwamZPeXhpb1huOUZuajNHTmlsazA2R0JJJTBBZ01TZHpvNE5CQSUzRCUzRF1dPjwvU1BfVVJMPjwvUkVTUE9OU0U+
2021-03-01 14:31:52.101 [http-nio-2000-exec-7] INFO  top.anets.service.impl.GuoXinInvoiceServiceImpl - 解析加密:<RESPONSE><FPQQLSH>0000000290101</FPQQLSH><FP_DM>050003521107</FP_DM><FP_HM>35696124</FP_HM><JYM>10420155702021835966</JYM><KPRQ>20210111224106</KPRQ><PDF_URL><![CDATA[http://dev.fapiao.com:19080/dzfp-web/pdf/download?request=e5uhf8WETIOMgaa2cCUMttqug2l.sSAnpWGyVouPxckMNqSBA4qLmPE8tTM1c7BYbLg4Pp0SBII_%5ECaAihieDIj]]></PDF_URL><SP_URL><![CDATA[https://testwx.fapiao.com/fpt-wechat/wxaddcard.do?code=%2BaUs%2FiDd4laN0NPYja285ar7jNWhlVKSohlhBSQn0nq5f7AL65dpjfOyxioXn9Fnj3GNilk06GBI%0AgMSdzo4NBA%3D%3D]]></SP_URL></RESPONSE>
2021-03-01 14:31:52.103 [http-nio-2000-exec-7] INFO  top.anets.service.impl.GuoXinInvoiceServiceImpl - 红冲结果:InvoiceResult [data=null, code=null, success=true, msg=null, groupStatus=9, docNum=0000000290, groupNum=101, goldtaxCode=050003521107, goldtaxNum=35696124, billGdate=20210111224106, hjje=null, hjse=null, jshj=null, ePdfUrl=http://dev.fapiao.com:19080/dzfp-web/pdf/download?request=e5uhf8WETIOMgaa2cCUMttqug2l.sSAnpWGyVouPxckMNqSBA4qLmPE8tTM1c7BYbLg4Pp0SBII_%5ECaAihieDIj]
2021-03-01 14:32:20.088 [http-nio-2000-exec-6] INFO  top.anets.service.impl.InvoiceViewServiceImpl - 整单红冲:8000000001
2021-03-01 14:34:12.782 [http-nio-2000-exec-5] INFO  top.anets.service.impl.InvoiceViewServiceImpl - 整单红冲:0000000906
2021-03-01 14:34:12.792 [http-nio-2000-exec-5] INFO  top.anets.utils.GuoXin - 请求xml内容:<REQUEST_COMMON_FPKSHC class="REQUEST_COMMON_FPKSHC"><FPQQLSH>0000000906101</FPQQLSH><XSF_MC>百旺电子测试2</XSF_MC><XSF_NSRSBH>110109500321655</XSF_NSRSBH><YFP_DM>050003521107</YFP_DM><YFP_HM>35696126</YFP_HM></REQUEST_COMMON_FPKSHC>
2021-03-01 14:34:12.793 [http-nio-2000-exec-5] INFO  top.anets.utils.GuoXin - 秘钥:5EE6C2C11DD421F2
2021-03-01 14:34:12.793 [http-nio-2000-exec-5] INFO  top.anets.service.impl.GuoXinInvoiceServiceImpl - 请求报文:<?xml version='1.0' encoding='UTF-8'?> <interface xmlns="" xmlns:xsi="http://www.w3.org/2001/XMLSchema-instance" xmlns:schemaLocation="http://www.chinatax.gov.cn/tirip/dataspec/interfaces.xsd" version="DZFPQZ0.2"> <globalInfo> <appId>6d29f136114544bcc73edcce960c430231183cc192c433e2b9ebcad56e8ceb08</appId> <interfaceId></interfaceId><interfaceCode>DFXJ1008</interfaceCode> <requestCode>DZFPQZ</requestCode> <requestTime>2021-03-01 14:34:12</requestTime> <responseCode>DS</responseCode> <dataExchangeId>DZFPQZDFXJ100820210301a3d59fc0-</dataExchangeId> </globalInfo> <returnStateInfo> <returnCode></returnCode> <returnMessage></returnMessage> </returnStateInfo> <Data><dataDescription> <zipCode>0</zipCode> </dataDescription> <content>PFJFUVVFU1RfQ09NTU9OX0ZQS1NIQyBjbGFzcz0iUkVRVUVTVF9DT01NT05fRlBLU0hDIj48RlBRUUxTSD4wMDAwMDAwOTA2MTAxPC9GUFFRTFNIPjxYU0ZfTUM+55m+5pe655S15a2Q5rWL6K+VMjwvWFNGX01DPjxYU0ZfTlNSU0JIPjExMDEwOTUwMDMyMTY1NTwvWFNGX05TUlNCSD48WUZQX0RNPjA1MDAwMzUyMTEwNzwvWUZQX0RNPjxZRlBfSE0+MzU2OTYxMjY8L1lGUF9ITT48L1JFUVVFU1RfQ09NTU9OX0ZQS1NIQz4=</content> <contentKey>5ZGb5o3+qfCJdfZSwsng71zNmRssf515cjAbIMgLw6RU4pYCt+SUydvtom101qqc</contentKey> </Data> </interface>
2021-03-01 14:34:12.793 [http-nio-2000-exec-5] INFO  top.anets.service.impl.GuoXinInvoiceServiceImpl - 证书地址-----:F:/zhys/zhengshu/testISSUE.pfx
2021-03-01 14:34:12.793 [http-nio-2000-exec-5] INFO  top.anets.service.impl.GuoXinInvoiceServiceImpl - 证书密码-----:123456
2021-03-01 14:34:12.793 [http-nio-2000-exec-5] INFO  top.anets.utils.guoXin.RequestUtils - http请求开始，请求地址：https://dev.fapiao.com:18944/fpt-dsqz/invoice
2021-03-01 14:34:15.412 [http-nio-2000-exec-5] INFO  top.anets.utils.guoXin.RequestUtils - 请求结果:<?xml version='1.0' encoding='UTF-8'?><interface xmlns="" xmlns:xsi="http://www.w3.org/2001/XMLSchema-instance" xmlns:schemaLocation="http://www.chinatax.gov.cn/tirip/dataspec/interfaces.xsd" version="DZFPQZ1.0"> <globalInfo><appId>0</appId><interfaceId></interfaceId><interfaceCode>DFXJ1008</interfaceCode><requestCode>DZFPQZ</requestCode><requestTime>2021-03-01 14:34:14:913</requestTime><responseCode>1</responseCode><dataExchangeId>DZFPQZDFXJ100820210301a3d59fc0-</dataExchangeId></globalInfo><returnStateInfo><returnCode>0000</returnCode><returnMessage><![CDATA[此发票已经开具过]]></returnMessage></returnStateInfo><Data><dataDescription><zipCode>0</zipCode></dataDescription><content>PFJFU1BPTlNFPjxGUFFRTFNIPjAwMDAwMDA5MDYxMDE8L0ZQUVFMU0g+PEZQX0RNPjA1MDAwMzUyMTEwNzwvRlBfRE0+PEZQX0hNPjM1Njk2MTI2PC9GUF9ITT48SllNPjAxMDM0Mzc2OTM3MzQwNTQzMzk4PC9KWU0+PEtQUlE+MjAyMTAxMTEyMjQxMTE8L0tQUlE+PFBERl9VUkw+PCFbQ0RBVEFbaHR0cDovL2Rldi5mYXBpYW8uY29tOjE5MDgwL2R6ZnAtd2ViL3BkZi9kb3dubG9hZD9yZXF1ZXN0PWU1dWhmOFdFVElPTWdhYTJjQ1VNdG41Vnc0U09GcmQwWDRqVEF3N1FzNllNTnFTQkE0cUxtUEU4dFRNMWM3QllZaXVUbFlGdmdkQV8lNUVCSUFEY2doZ0piXV0+PC9QREZfVVJMPjxTUF9VUkw+PCFbQ0RBVEFbaHR0cHM6Ly90ZXN0d3guZmFwaWFvLmNvbS9mcHQtd2VjaGF0L3d4YWRkY2FyZC5kbz9jb2RlPSUyQmFVcyUyRmlEZDRsYU4wTlBZamEyODVjOXlkU2hZVHVGcnNadDZ4V05kZ2hXUU54d25adlVTS3FiVFNKTzVYaiUyRmhqM0dOaWxrMDZHQkklMEFnTVNkem80TkJBJTNEJTNEXV0+PC9TUF9VUkw+PC9SRVNQT05TRT4=</content></Data></interface>
2021-03-01 14:34:15.412 [http-nio-2000-exec-5] INFO  top.anets.service.impl.GuoXinInvoiceServiceImpl - 返回结果:<?xml version='1.0' encoding='UTF-8'?><interface xmlns="" xmlns:xsi="http://www.w3.org/2001/XMLSchema-instance" xmlns:schemaLocation="http://www.chinatax.gov.cn/tirip/dataspec/interfaces.xsd" version="DZFPQZ1.0"> <globalInfo><appId>0</appId><interfaceId></interfaceId><interfaceCode>DFXJ1008</interfaceCode><requestCode>DZFPQZ</requestCode><requestTime>2021-03-01 14:34:14:913</requestTime><responseCode>1</responseCode><dataExchangeId>DZFPQZDFXJ100820210301a3d59fc0-</dataExchangeId></globalInfo><returnStateInfo><returnCode>0000</returnCode><returnMessage><![CDATA[此发票已经开具过]]></returnMessage></returnStateInfo><Data><dataDescription><zipCode>0</zipCode></dataDescription><content>PFJFU1BPTlNFPjxGUFFRTFNIPjAwMDAwMDA5MDYxMDE8L0ZQUVFMU0g+PEZQX0RNPjA1MDAwMzUyMTEwNzwvRlBfRE0+PEZQX0hNPjM1Njk2MTI2PC9GUF9ITT48SllNPjAxMDM0Mzc2OTM3MzQwNTQzMzk4PC9KWU0+PEtQUlE+MjAyMTAxMTEyMjQxMTE8L0tQUlE+PFBERl9VUkw+PCFbQ0RBVEFbaHR0cDovL2Rldi5mYXBpYW8uY29tOjE5MDgwL2R6ZnAtd2ViL3BkZi9kb3dubG9hZD9yZXF1ZXN0PWU1dWhmOFdFVElPTWdhYTJjQ1VNdG41Vnc0U09GcmQwWDRqVEF3N1FzNllNTnFTQkE0cUxtUEU4dFRNMWM3QllZaXVUbFlGdmdkQV8lNUVCSUFEY2doZ0piXV0+PC9QREZfVVJMPjxTUF9VUkw+PCFbQ0RBVEFbaHR0cHM6Ly90ZXN0d3guZmFwaWFvLmNvbS9mcHQtd2VjaGF0L3d4YWRkY2FyZC5kbz9jb2RlPSUyQmFVcyUyRmlEZDRsYU4wTlBZamEyODVjOXlkU2hZVHVGcnNadDZ4V05kZ2hXUU54d25adlVTS3FiVFNKTzVYaiUyRmhqM0dOaWxrMDZHQkklMEFnTVNkem80TkJBJTNEJTNEXV0+PC9TUF9VUkw+PC9SRVNQT05TRT4=</content></Data></interface>
2021-03-01 14:34:15.414 [http-nio-2000-exec-5] INFO  top.anets.service.impl.GuoXinInvoiceServiceImpl - 获取的加密内容:PFJFU1BPTlNFPjxGUFFRTFNIPjAwMDAwMDA5MDYxMDE8L0ZQUVFMU0g+PEZQX0RNPjA1MDAwMzUyMTEwNzwvRlBfRE0+PEZQX0hNPjM1Njk2MTI2PC9GUF9ITT48SllNPjAxMDM0Mzc2OTM3MzQwNTQzMzk4PC9KWU0+PEtQUlE+MjAyMTAxMTEyMjQxMTE8L0tQUlE+PFBERl9VUkw+PCFbQ0RBVEFbaHR0cDovL2Rldi5mYXBpYW8uY29tOjE5MDgwL2R6ZnAtd2ViL3BkZi9kb3dubG9hZD9yZXF1ZXN0PWU1dWhmOFdFVElPTWdhYTJjQ1VNdG41Vnc0U09GcmQwWDRqVEF3N1FzNllNTnFTQkE0cUxtUEU4dFRNMWM3QllZaXVUbFlGdmdkQV8lNUVCSUFEY2doZ0piXV0+PC9QREZfVVJMPjxTUF9VUkw+PCFbQ0RBVEFbaHR0cHM6Ly90ZXN0d3guZmFwaWFvLmNvbS9mcHQtd2VjaGF0L3d4YWRkY2FyZC5kbz9jb2RlPSUyQmFVcyUyRmlEZDRsYU4wTlBZamEyODVjOXlkU2hZVHVGcnNadDZ4V05kZ2hXUU54d25adlVTS3FiVFNKTzVYaiUyRmhqM0dOaWxrMDZHQkklMEFnTVNkem80TkJBJTNEJTNEXV0+PC9TUF9VUkw+PC9SRVNQT05TRT4=
2021-03-01 14:34:15.414 [http-nio-2000-exec-5] INFO  top.anets.service.impl.GuoXinInvoiceServiceImpl - 解析加密:<RESPONSE><FPQQLSH>0000000906101</FPQQLSH><FP_DM>050003521107</FP_DM><FP_HM>35696126</FP_HM><JYM>01034376937340543398</JYM><KPRQ>20210111224111</KPRQ><PDF_URL><![CDATA[http://dev.fapiao.com:19080/dzfp-web/pdf/download?request=e5uhf8WETIOMgaa2cCUMtn5Vw4SOFrd0X4jTAw7Qs6YMNqSBA4qLmPE8tTM1c7BYYiuTlYFvgdA_%5EBIADcghgJb]]></PDF_URL><SP_URL><![CDATA[https://testwx.fapiao.com/fpt-wechat/wxaddcard.do?code=%2BaUs%2FiDd4laN0NPYja285c9ydShYTuFrsZt6xWNdghWQNxwnZvUSKqbTSJO5Xj%2Fhj3GNilk06GBI%0AgMSdzo4NBA%3D%3D]]></SP_URL></RESPONSE>
2021-03-01 14:34:15.416 [http-nio-2000-exec-5] INFO  top.anets.service.impl.GuoXinInvoiceServiceImpl - 红冲结果:InvoiceResult [data=null, code=null, success=true, msg=null, groupStatus=9, docNum=0000000906, groupNum=101, goldtaxCode=050003521107, goldtaxNum=35696126, billGdate=20210111224111, hjje=null, hjse=null, jshj=null, ePdfUrl=http://dev.fapiao.com:19080/dzfp-web/pdf/download?request=e5uhf8WETIOMgaa2cCUMtn5Vw4SOFrd0X4jTAw7Qs6YMNqSBA4qLmPE8tTM1c7BYYiuTlYFvgdA_%5EBIADcghgJb]
2021-03-01 14:36:00.117 [RMI TCP Connection(5)-127.0.0.1] INFO  org.springframework.boot.admin.SpringApplicationAdminMXBeanRegistrar$SpringApplicationAdmin - Application shutdown requested.
2021-03-01 14:36:00.119 [RMI TCP Connection(5)-127.0.0.1] INFO  org.springframework.scheduling.concurrent.ThreadPoolTaskScheduler - Shutting down ExecutorService 'taskScheduler'
2021-03-01 14:36:00.120 [RMI TCP Connection(5)-127.0.0.1] INFO  org.springframework.scheduling.concurrent.ThreadPoolTaskExecutor - Shutting down ExecutorService 'applicationTaskExecutor'
2021-03-01 14:36:00.125 [RMI TCP Connection(5)-127.0.0.1] INFO  com.alibaba.druid.pool.DruidDataSource - {dataSource-1} closed
